#
# There is insufficient memory for the Java Runtime Environment to continue.
# Native memory allocation (malloc) failed to allocate 1210720 bytes for Chunk::new
# Possible reasons:
#   The system is out of physical RAM or swap space
#   The process is running with CompressedOops enabled, and the Java Heap may be blocking the growth of the native heap
# Possible solutions:
#   Reduce memory load on the system
#   Increase physical memory or swap space
#   Check if swap backing store is full
#   Decrease Java heap size (-Xmx/-Xms)
#   Decrease number of Java threads
#   Decrease Java thread stack sizes (-Xss)
#   Set larger code cache with -XX:ReservedCodeCacheSize=
#   JVM is running with Unscaled Compressed Oops mode in which the Java heap is
#     placed in the first 4GB address space. The Java Heap base address is the
#     maximum limit for the native heap growth. Please use -XX:HeapBaseMinAddress
#     to set the Java Heap base and to place the Java Heap above 4GB virtual address.
# This output file may be truncated or incomplete.
#
#  Out of Memory Error (arena.cpp:168), pid=2356, tid=19516
#
# JRE version: Java(TM) SE Runtime Environment (21.0.6+8) (build 21.0.6+8-LTS-188)
# Java VM: Java HotSpot(TM) 64-Bit Server VM (21.0.6+8-LTS-188, mixed mode, sharing, tiered, compressed oops, compressed class ptrs, g1 gc, windows-amd64)
# No core dump will be written. Minidumps are not enabled by default on client versions of Windows
#

---------------  S U M M A R Y ------------

Command Line: -javaagent:C:\Users\Kunde\AppData\Local\JetBrains\IntelliJ IDEA Community Edition 2024.3.1\lib\idea_rt.jar=57830 -Dfile.encoding=UTF-8 -Dsun.stdout.encoding=UTF-8 -Dsun.stderr.encoding=UTF-8 com.culture.association_backend.AssociationBackendApplication

Host: AMD Ryzen 5 7520U with Radeon Graphics         , 8 cores, 5G,  Windows 11 , 64 bit Build 22621 (10.0.22621.4391)
Time: Mon Apr 14 20:40:56 2025 Mitteleuropäische Sommerzeit elapsed time: 9.994542 seconds (0d 0h 0m 9s)

---------------  T H R E A D  ---------------

Current thread (0x000001d6bd81a680):  JavaThread "C2 CompilerThread0" daemon [_thread_in_native, id=19516, stack(0x0000008bd2200000,0x0000008bd2300000) (1024K)]


Current CompileTask:
C2:   9994 4629   !   4       com.sun.crypto.provider.PBKDF2KeyImpl::deriveKey (302 bytes)

Stack: [0x0000008bd2200000,0x0000008bd2300000]
Native frames: (J=compiled Java code, j=interpreted, Vv=VM code, C=native code)
V  [jvm.dll+0x6ca6d9]
V  [jvm.dll+0x854f51]
V  [jvm.dll+0x85747e]
V  [jvm.dll+0x857b53]
V  [jvm.dll+0x27dcc6]
V  [jvm.dll+0xc4c2d]
V  [jvm.dll+0xc5163]
V  [jvm.dll+0x3b515c]
V  [jvm.dll+0x1df4aa]
V  [jvm.dll+0x246a72]
V  [jvm.dll+0x245eff]
V  [jvm.dll+0x1c6d2e]
V  [jvm.dll+0x2554f9]
V  [jvm.dll+0x253a8a]
V  [jvm.dll+0x3ee576]
V  [jvm.dll+0x7ff2fb]
V  [jvm.dll+0x6c8dbd]
C  [ucrtbase.dll+0x29333]
C  [KERNEL32.DLL+0x1259d]
C  [ntdll.dll+0x5af38]


---------------  P R O C E S S  ---------------

Threads class SMR info:
_java_thread_list=0x000001d6854e53f0, length=17, elements={
0x000001d6a1918b00, 0x000001d6bd801110, 0x000001d6bd802020, 0x000001d6bd805e70,
0x000001d6bd8068c0, 0x000001d6bd809450, 0x000001d6bd80beb0, 0x000001d6bd81a680,
0x000001d6bd81cf90, 0x000001d6bda6a750, 0x000001d6bddbe8f0, 0x000001d6bdda11c0,
0x000001d68402fcc0, 0x000001d684030320, 0x000001d68610e6d0, 0x000001d686437320,
0x000001d686340a90
}

Java Threads: ( => current thread )
  0x000001d6a1918b00 JavaThread "main"                              [_thread_blocked, id=8988, stack(0x0000008bd1400000,0x0000008bd1500000) (1024K)]
  0x000001d6bd801110 JavaThread "Reference Handler"          daemon [_thread_blocked, id=17320, stack(0x0000008bd1c00000,0x0000008bd1d00000) (1024K)]
  0x000001d6bd802020 JavaThread "Finalizer"                  daemon [_thread_blocked, id=10368, stack(0x0000008bd1d00000,0x0000008bd1e00000) (1024K)]
  0x000001d6bd805e70 JavaThread "Signal Dispatcher"          daemon [_thread_blocked, id=28660, stack(0x0000008bd1e00000,0x0000008bd1f00000) (1024K)]
  0x000001d6bd8068c0 JavaThread "Attach Listener"            daemon [_thread_blocked, id=14148, stack(0x0000008bd1f00000,0x0000008bd2000000) (1024K)]
  0x000001d6bd809450 JavaThread "Service Thread"             daemon [_thread_blocked, id=25796, stack(0x0000008bd2000000,0x0000008bd2100000) (1024K)]
  0x000001d6bd80beb0 JavaThread "Monitor Deflation Thread"   daemon [_thread_blocked, id=22560, stack(0x0000008bd2100000,0x0000008bd2200000) (1024K)]
=>0x000001d6bd81a680 JavaThread "C2 CompilerThread0"         daemon [_thread_in_native, id=19516, stack(0x0000008bd2200000,0x0000008bd2300000) (1024K)]
  0x000001d6bd81cf90 JavaThread "C1 CompilerThread0"         daemon [_thread_blocked, id=18316, stack(0x0000008bd2300000,0x0000008bd2400000) (1024K)]
  0x000001d6bda6a750 JavaThread "Common-Cleaner"             daemon [_thread_blocked, id=19836, stack(0x0000008bd2400000,0x0000008bd2500000) (1024K)]
  0x000001d6bddbe8f0 JavaThread "Monitor Ctrl-Break"         daemon [_thread_in_native, id=13452, stack(0x0000008bd2500000,0x0000008bd2600000) (1024K)]
  0x000001d6bdda11c0 JavaThread "Notification Thread"        daemon [_thread_blocked, id=19428, stack(0x0000008bd2600000,0x0000008bd2700000) (1024K)]
  0x000001d68402fcc0 JavaThread "Thread-0"                          [_thread_blocked, id=25632, stack(0x0000008bd2700000,0x0000008bd2800000) (1024K)]
  0x000001d684030320 JavaThread "restartedMain"                     [_thread_in_vm, id=12360, stack(0x0000008bd2800000,0x0000008bd2900000) (1024K)]
  0x000001d68610e6d0 JavaThread "PostgreSQL-JDBC-Cleaner"    daemon [_thread_blocked, id=11924, stack(0x0000008bd3200000,0x0000008bd3300000) (1024K)]
  0x000001d686437320 JavaThread "HikariPool-1 housekeeper"   daemon [_thread_blocked, id=26760, stack(0x0000008bd3300000,0x0000008bd3400000) (1024K)]
  0x000001d686340a90 JavaThread "HikariPool-1 connection adder" daemon [_thread_in_native, id=26812, stack(0x0000008bd3400000,0x0000008bd3500000) (1024K)]
Total: 17

Other Threads:
  0x000001d6bd7eddc0 VMThread "VM Thread"                           [id=30452, stack(0x0000008bd1b00000,0x0000008bd1c00000) (1024K)]
  0x000001d6bd7d94e0 WatcherThread "VM Periodic Task Thread"        [id=13560, stack(0x0000008bd1a00000,0x0000008bd1b00000) (1024K)]
  0x000001d6a19611e0 WorkerThread "GC Thread#0"                     [id=9596, stack(0x0000008bd1500000,0x0000008bd1600000) (1024K)]
  0x000001d6ff5e36c0 WorkerThread "GC Thread#1"                     [id=19460, stack(0x0000008bd2900000,0x0000008bd2a00000) (1024K)]
  0x000001d6ff5e3a60 WorkerThread "GC Thread#2"                     [id=12664, stack(0x0000008bd2a00000,0x0000008bd2b00000) (1024K)]
  0x000001d6ff5e3e00 WorkerThread "GC Thread#3"                     [id=28820, stack(0x0000008bd2b00000,0x0000008bd2c00000) (1024K)]
  0x000001d6ff5e41a0 WorkerThread "GC Thread#4"                     [id=13868, stack(0x0000008bd2c00000,0x0000008bd2d00000) (1024K)]
  0x000001d6ff5f2d80 WorkerThread "GC Thread#5"                     [id=10556, stack(0x0000008bd2d00000,0x0000008bd2e00000) (1024K)]
  0x000001d684412b50 WorkerThread "GC Thread#6"                     [id=30296, stack(0x0000008bd2f00000,0x0000008bd3000000) (1024K)]
  0x000001d6845fc740 WorkerThread "GC Thread#7"                     [id=11820, stack(0x0000008bd3000000,0x0000008bd3100000) (1024K)]
  0x000001d6a196e680 ConcurrentGCThread "G1 Main Marker"            [id=19424, stack(0x0000008bd1600000,0x0000008bd1700000) (1024K)]
  0x000001d6a196f180 WorkerThread "G1 Conc#0"                       [id=25336, stack(0x0000008bd1700000,0x0000008bd1800000) (1024K)]
  0x000001d6849502a0 WorkerThread "G1 Conc#1"                       [id=24044, stack(0x0000008bd2e00000,0x0000008bd2f00000) (1024K)]
  0x000001d6bd6a6cf0 ConcurrentGCThread "G1 Refine#0"               [id=29648, stack(0x0000008bd1800000,0x0000008bd1900000) (1024K)]
  0x000001d6bd6a7860 ConcurrentGCThread "G1 Service"                [id=26888, stack(0x0000008bd1900000,0x0000008bd1a00000) (1024K)]
Total: 15

Threads with active compile tasks:
C2 CompilerThread0    10042 4629   !   4       com.sun.crypto.provider.PBKDF2KeyImpl::deriveKey (302 bytes)
Total: 1

VM state: not at safepoint (normal execution)

VM Mutex/Monitor currently owned by a thread: None

Heap address: 0x00000000a2c00000, size: 1492 MB, Compressed Oops mode: 32-bit

CDS archive(s) mapped at: [0x000001d6be000000-0x000001d6bec90000-0x000001d6bec90000), size 13172736, SharedBaseAddress: 0x000001d6be000000, ArchiveRelocationMode: 1.
Compressed class space mapped at: 0x000001d6bf000000-0x000001d6ff000000, reserved size: 1073741824
Narrow klass base: 0x000001d6be000000, Narrow klass shift: 0, Narrow klass range: 0x100000000

GC Precious Log:
 CardTable entry size: 512
 Card Set container configuration: InlinePtr #cards 5 size 8 Array Of Cards #cards 12 size 40 Howl #buckets 4 coarsen threshold 1843 Howl Bitmap #cards 512 size 80 coarsen threshold 460 Card regions per heap region 1 cards per card region 2048
 CPUs: 8 total, 8 available
 Memory: 5965M
 Large Page Support: Disabled
 NUMA Support: Disabled
 Compressed Oops: Enabled (32-bit)
 Heap Region Size: 1M
 Heap Min Capacity: 8M
 Heap Initial Capacity: 94M
 Heap Max Capacity: 1492M
 Pre-touch: Disabled
 Parallel Workers: 8
 Concurrent Workers: 2
 Concurrent Refinement Workers: 8
 Periodic GC: Disabled

Heap:
 garbage-first heap   total 55296K, used 41658K [0x00000000a2c00000, 0x0000000100000000)
  region size 1024K, 23 young (23552K), 2 survivors (2048K)
 Metaspace       used 41316K, committed 41920K, reserved 1114112K
  class space    used 5314K, committed 5568K, reserved 1048576K

Heap Regions: E=young(eden), S=young(survivor), O=old, HS=humongous(starts), HC=humongous(continues), CS=collection set, F=free, TAMS=top-at-mark-start, PB=parsable bottom
|   0|0x00000000a2c00000, 0x00000000a2d00000, 0x00000000a2d00000|100%|HS|  |TAMS 0x00000000a2c00000| PB 0x00000000a2c00000| Complete 
|   1|0x00000000a2d00000, 0x00000000a2e00000, 0x00000000a2e00000|100%|HS|  |TAMS 0x00000000a2d00000| PB 0x00000000a2d00000| Complete 
|   2|0x00000000a2e00000, 0x00000000a2f00000, 0x00000000a2f00000|100%| O|  |TAMS 0x00000000a2e00000| PB 0x00000000a2e00000| Untracked 
|   3|0x00000000a2f00000, 0x00000000a3000000, 0x00000000a3000000|100%| O|  |TAMS 0x00000000a2f00000| PB 0x00000000a2f00000| Untracked 
|   4|0x00000000a3000000, 0x00000000a3100000, 0x00000000a3100000|100%| O|  |TAMS 0x00000000a3000000| PB 0x00000000a3000000| Untracked 
|   5|0x00000000a3100000, 0x00000000a3200000, 0x00000000a3200000|100%| O|  |TAMS 0x00000000a3100000| PB 0x00000000a3100000| Untracked 
|   6|0x00000000a3200000, 0x00000000a3300000, 0x00000000a3300000|100%| O|  |TAMS 0x00000000a3200000| PB 0x00000000a3200000| Untracked 
|   7|0x00000000a3300000, 0x00000000a3400000, 0x00000000a3400000|100%| O|  |TAMS 0x00000000a3300000| PB 0x00000000a3300000| Untracked 
|   8|0x00000000a3400000, 0x00000000a3500000, 0x00000000a3500000|100%| O|  |TAMS 0x00000000a3400000| PB 0x00000000a3400000| Untracked 
|   9|0x00000000a3500000, 0x00000000a3600000, 0x00000000a3600000|100%| O|  |TAMS 0x00000000a3500000| PB 0x00000000a3500000| Untracked 
|  10|0x00000000a3600000, 0x00000000a3700000, 0x00000000a3700000|100%| O|  |TAMS 0x00000000a3600000| PB 0x00000000a3600000| Untracked 
|  11|0x00000000a3700000, 0x00000000a3800000, 0x00000000a3800000|100%| O|  |TAMS 0x00000000a3700000| PB 0x00000000a3700000| Untracked 
|  12|0x00000000a3800000, 0x00000000a3900000, 0x00000000a3900000|100%| O|  |TAMS 0x00000000a3800000| PB 0x00000000a3800000| Untracked 
|  13|0x00000000a3900000, 0x00000000a3a00000, 0x00000000a3a00000|100%| O|  |TAMS 0x00000000a3900000| PB 0x00000000a3900000| Untracked 
|  14|0x00000000a3a00000, 0x00000000a3b00000, 0x00000000a3b00000|100%| O|Cm|TAMS 0x00000000a3a00000| PB 0x00000000a3a00000| Complete 
|  15|0x00000000a3b00000, 0x00000000a3c00000, 0x00000000a3c00000|100%| O|  |TAMS 0x00000000a3b00000| PB 0x00000000a3b00000| Untracked 
|  16|0x00000000a3c00000, 0x00000000a3d00000, 0x00000000a3d00000|100%| O|  |TAMS 0x00000000a3c00000| PB 0x00000000a3c00000| Untracked 
|  17|0x00000000a3d00000, 0x00000000a3e00000, 0x00000000a3e00000|100%| O|  |TAMS 0x00000000a3d00000| PB 0x00000000a3d00000| Untracked 
|  18|0x00000000a3e00000, 0x00000000a3ef7410, 0x00000000a3f00000| 96%| O|  |TAMS 0x00000000a3e00000| PB 0x00000000a3e00000| Untracked 
|  19|0x00000000a3f00000, 0x00000000a3f00000, 0x00000000a4000000|  0%| F|  |TAMS 0x00000000a3f00000| PB 0x00000000a3f00000| Untracked 
|  20|0x00000000a4000000, 0x00000000a4000000, 0x00000000a4100000|  0%| F|  |TAMS 0x00000000a4000000| PB 0x00000000a4000000| Untracked 
|  21|0x00000000a4100000, 0x00000000a4100000, 0x00000000a4200000|  0%| F|  |TAMS 0x00000000a4100000| PB 0x00000000a4100000| Untracked 
|  22|0x00000000a4200000, 0x00000000a4200000, 0x00000000a4300000|  0%| F|  |TAMS 0x00000000a4200000| PB 0x00000000a4200000| Untracked 
|  23|0x00000000a4300000, 0x00000000a4300000, 0x00000000a4400000|  0%| F|  |TAMS 0x00000000a4300000| PB 0x00000000a4300000| Untracked 
|  24|0x00000000a4400000, 0x00000000a4400000, 0x00000000a4500000|  0%| F|  |TAMS 0x00000000a4400000| PB 0x00000000a4400000| Untracked 
|  25|0x00000000a4500000, 0x00000000a4500000, 0x00000000a4600000|  0%| F|  |TAMS 0x00000000a4500000| PB 0x00000000a4500000| Untracked 
|  26|0x00000000a4600000, 0x00000000a4600000, 0x00000000a4700000|  0%| F|  |TAMS 0x00000000a4600000| PB 0x00000000a4600000| Untracked 
|  27|0x00000000a4700000, 0x00000000a4700000, 0x00000000a4800000|  0%| F|  |TAMS 0x00000000a4700000| PB 0x00000000a4700000| Untracked 
|  28|0x00000000a4800000, 0x00000000a4800000, 0x00000000a4900000|  0%| F|  |TAMS 0x00000000a4800000| PB 0x00000000a4800000| Untracked 
|  29|0x00000000a4900000, 0x00000000a4900000, 0x00000000a4a00000|  0%| F|  |TAMS 0x00000000a4900000| PB 0x00000000a4900000| Untracked 
|  30|0x00000000a4a00000, 0x00000000a4a00000, 0x00000000a4b00000|  0%| F|  |TAMS 0x00000000a4a00000| PB 0x00000000a4a00000| Untracked 
|  31|0x00000000a4b00000, 0x00000000a4b73220, 0x00000000a4c00000| 44%| E|  |TAMS 0x00000000a4b00000| PB 0x00000000a4b00000| Complete 
|  32|0x00000000a4c00000, 0x00000000a4d00000, 0x00000000a4d00000|100%| E|CS|TAMS 0x00000000a4c00000| PB 0x00000000a4c00000| Complete 
|  33|0x00000000a4d00000, 0x00000000a4e00000, 0x00000000a4e00000|100%| E|CS|TAMS 0x00000000a4d00000| PB 0x00000000a4d00000| Complete 
|  34|0x00000000a4e00000, 0x00000000a4f00000, 0x00000000a4f00000|100%| E|CS|TAMS 0x00000000a4e00000| PB 0x00000000a4e00000| Complete 
|  35|0x00000000a4f00000, 0x00000000a5000000, 0x00000000a5000000|100%| E|CS|TAMS 0x00000000a4f00000| PB 0x00000000a4f00000| Complete 
|  36|0x00000000a5000000, 0x00000000a5100000, 0x00000000a5100000|100%| E|CS|TAMS 0x00000000a5000000| PB 0x00000000a5000000| Complete 
|  37|0x00000000a5100000, 0x00000000a5200000, 0x00000000a5200000|100%| E|CS|TAMS 0x00000000a5100000| PB 0x00000000a5100000| Complete 
|  38|0x00000000a5200000, 0x00000000a5300000, 0x00000000a5300000|100%| E|CS|TAMS 0x00000000a5200000| PB 0x00000000a5200000| Complete 
|  39|0x00000000a5300000, 0x00000000a5400000, 0x00000000a5400000|100%| E|CS|TAMS 0x00000000a5300000| PB 0x00000000a5300000| Complete 
|  40|0x00000000a5400000, 0x00000000a5500000, 0x00000000a5500000|100%| E|CS|TAMS 0x00000000a5400000| PB 0x00000000a5400000| Complete 
|  41|0x00000000a5500000, 0x00000000a5600000, 0x00000000a5600000|100%| E|CS|TAMS 0x00000000a5500000| PB 0x00000000a5500000| Complete 
|  42|0x00000000a5600000, 0x00000000a5700000, 0x00000000a5700000|100%| E|CS|TAMS 0x00000000a5600000| PB 0x00000000a5600000| Complete 
|  43|0x00000000a5700000, 0x00000000a5800000, 0x00000000a5800000|100%| E|CS|TAMS 0x00000000a5700000| PB 0x00000000a5700000| Complete 
|  44|0x00000000a5800000, 0x00000000a5900000, 0x00000000a5900000|100%| E|CS|TAMS 0x00000000a5800000| PB 0x00000000a5800000| Complete 
|  45|0x00000000a5900000, 0x00000000a5a00000, 0x00000000a5a00000|100%| E|CS|TAMS 0x00000000a5900000| PB 0x00000000a5900000| Complete 
|  46|0x00000000a5a00000, 0x00000000a5b00000, 0x00000000a5b00000|100%| E|CS|TAMS 0x00000000a5a00000| PB 0x00000000a5a00000| Complete 
|  47|0x00000000a5b00000, 0x00000000a5c00000, 0x00000000a5c00000|100%| E|CS|TAMS 0x00000000a5b00000| PB 0x00000000a5b00000| Complete 
|  48|0x00000000a5c00000, 0x00000000a5d00000, 0x00000000a5d00000|100%| E|CS|TAMS 0x00000000a5c00000| PB 0x00000000a5c00000| Complete 
|  49|0x00000000a5d00000, 0x00000000a5e00000, 0x00000000a5e00000|100%| E|CS|TAMS 0x00000000a5d00000| PB 0x00000000a5d00000| Complete 
|  50|0x00000000a5e00000, 0x00000000a5f00000, 0x00000000a5f00000|100%| E|CS|TAMS 0x00000000a5e00000| PB 0x00000000a5e00000| Complete 
|  51|0x00000000a5f00000, 0x00000000a5fb74e0, 0x00000000a6000000| 71%| S|CS|TAMS 0x00000000a5f00000| PB 0x00000000a5f00000| Complete 
|  52|0x00000000a6000000, 0x00000000a6100000, 0x00000000a6100000|100%| S|CS|TAMS 0x00000000a6000000| PB 0x00000000a6000000| Complete 
|  93|0x00000000a8900000, 0x00000000a8a00000, 0x00000000a8a00000|100%| E|CS|TAMS 0x00000000a8900000| PB 0x00000000a8900000| Complete 

Card table byte_map: [0x000001d6b93b0000,0x000001d6b96a0000] _byte_map_base: 0x000001d6b8e9a000

Marking Bits: (CMBitMap*) 0x000001d6a19618e0
 Bits: [0x000001d6b96a0000, 0x000001d6badf0000)

Polling page: 0x000001d6a10d0000

Metaspace:

Usage:
  Non-class:     35.16 MB used.
      Class:      5.19 MB used.
       Both:     40.35 MB used.

Virtual space:
  Non-class space:       64.00 MB reserved,      35.50 MB ( 55%) committed,  1 nodes.
      Class space:        1.00 GB reserved,       5.44 MB ( <1%) committed,  1 nodes.
             Both:        1.06 GB reserved,      40.94 MB (  4%) committed. 

Chunk freelists:
   Non-Class:  11.83 MB
       Class:  10.61 MB
        Both:  22.44 MB

MaxMetaspaceSize: unlimited
CompressedClassSpaceSize: 1.00 GB
Initial GC threshold: 21.00 MB
Current GC threshold: 58.69 MB
CDS: on
 - commit_granule_bytes: 65536.
 - commit_granule_words: 8192.
 - virtual_space_node_default_size: 8388608.
 - enlarge_chunks_in_place: 1.
 - use_allocation_guard: 0.


Internal statistics:

num_allocs_failed_limit: 6.
num_arena_births: 702.
num_arena_deaths: 0.
num_vsnodes_births: 2.
num_vsnodes_deaths: 0.
num_space_committed: 655.
num_space_uncommitted: 0.
num_chunks_returned_to_freelist: 6.
num_chunks_taken_from_freelist: 2192.
num_chunk_merges: 6.
num_chunk_splits: 1514.
num_chunks_enlarged: 1118.
num_inconsistent_stats: 0.

CodeHeap 'non-profiled nmethods': size=120000Kb used=2112Kb max_used=2112Kb free=117887Kb
 bounds [0x000001d6b1860000, 0x000001d6b1ad0000, 0x000001d6b8d90000]
CodeHeap 'profiled nmethods': size=120000Kb used=8511Kb max_used=9036Kb free=111488Kb
 bounds [0x000001d6a9d90000, 0x000001d6aa670000, 0x000001d6b12c0000]
CodeHeap 'non-nmethods': size=5760Kb used=1523Kb max_used=1551Kb free=4236Kb
 bounds [0x000001d6b12c0000, 0x000001d6b1530000, 0x000001d6b1860000]
 total_blobs=4848 nmethods=4254 adapters=498
 compilation: enabled
              stopped_count=0, restarted_count=0
 full_count=0

Compilation events (20 events):
Event: 9.655 Thread 0x000001d6bd81a680 nmethod 4621 0x000001d6b187bf10 code [0x000001d6b187c140, 0x000001d6b187cbd0]
Event: 9.655 Thread 0x000001d6bd81a680 4629   !   4       com.sun.crypto.provider.PBKDF2KeyImpl::deriveKey (302 bytes)
Event: 9.727 Thread 0x000001d6bd81cf90 4639       3       java.util.HashMap::afterNodeAccess (1 bytes)
Event: 9.727 Thread 0x000001d6bd81cf90 nmethod 4639 0x000001d6a9ed4c10 code [0x000001d6a9ed4da0, 0x000001d6a9ed4ea8]
Event: 9.854 Thread 0x000001d6bd81cf90 4641   !   3       java.lang.Class::desiredAssertionStatus (54 bytes)
Event: 9.854 Thread 0x000001d6bd81cf90 nmethod 4641 0x000001d6a9da8110 code [0x000001d6a9da8320, 0x000001d6a9da8848]
Event: 9.892 Thread 0x000001d6bd81cf90 4642       3       sun.nio.ch.Util::isBufferTooLarge (15 bytes)
Event: 9.893 Thread 0x000001d6bd81cf90 nmethod 4642 0x000001d6a9eeea90 code [0x000001d6a9eeec20, 0x000001d6a9eeed70]
Event: 9.893 Thread 0x000001d6bd81cf90 4643       3       java.util.Properties::getProperty (16 bytes)
Event: 9.893 Thread 0x000001d6bd81cf90 nmethod 4643 0x000001d6a9dee610 code [0x000001d6a9dee7c0, 0x000001d6a9dee9e8]
Event: 9.901 Thread 0x000001d6bd81cf90 4644       3       java.util.stream.IntPipeline$10$1::accept (27 bytes)
Event: 9.902 Thread 0x000001d6bd81cf90 nmethod 4644 0x000001d6aa202890 code [0x000001d6aa202a60, 0x000001d6aa202d58]
Event: 9.903 Thread 0x000001d6bd81cf90 4645       3       java.lang.CharacterDataLatin1::isDigit (18 bytes)
Event: 9.903 Thread 0x000001d6bd81cf90 nmethod 4645 0x000001d6aa213f10 code [0x000001d6aa2140c0, 0x000001d6aa214260]
Event: 9.904 Thread 0x000001d6bd81cf90 4646       3       java.util.HashSet::<init> (29 bytes)
Event: 9.905 Thread 0x000001d6bd81cf90 nmethod 4646 0x000001d6aa201f90 code [0x000001d6aa202180, 0x000001d6aa202678]
Event: 9.905 Thread 0x000001d6bd81cf90 4647       3       java.lang.Integer::hashCode (8 bytes)
Event: 9.905 Thread 0x000001d6bd81cf90 nmethod 4647 0x000001d6aa370790 code [0x000001d6aa370940, 0x000001d6aa370aa8]
Event: 9.905 Thread 0x000001d6bd81cf90 4648       3       org.postgresql.jdbc.ResourceLock::obtain (6 bytes)
Event: 9.906 Thread 0x000001d6bd81cf90 nmethod 4648 0x000001d6aa28f890 code [0x000001d6aa28fa60, 0x000001d6aa28fe00]

GC Heap History (14 events):
Event: 1.811 GC heap before
{Heap before GC invocations=0 (full 0):
 garbage-first heap   total 96256K, used 24576K [0x00000000a2c00000, 0x0000000100000000)
  region size 1024K, 23 young (23552K), 0 survivors (0K)
 Metaspace       used 5959K, committed 6208K, reserved 1114112K
  class space    used 666K, committed 768K, reserved 1048576K
}
Event: 1.821 GC heap after
{Heap after GC invocations=1 (full 0):
 garbage-first heap   total 96256K, used 7577K [0x00000000a2c00000, 0x0000000100000000)
  region size 1024K, 3 young (3072K), 3 survivors (3072K)
 Metaspace       used 5959K, committed 6208K, reserved 1114112K
  class space    used 666K, committed 768K, reserved 1048576K
}
Event: 3.177 GC heap before
{Heap before GC invocations=1 (full 0):
 garbage-first heap   total 96256K, used 37273K [0x00000000a2c00000, 0x0000000100000000)
  region size 1024K, 33 young (33792K), 3 survivors (3072K)
 Metaspace       used 14173K, committed 14528K, reserved 1114112K
  class space    used 1684K, committed 1856K, reserved 1048576K
}
Event: 3.185 GC heap after
{Heap after GC invocations=2 (full 0):
 garbage-first heap   total 96256K, used 10685K [0x00000000a2c00000, 0x0000000100000000)
  region size 1024K, 3 young (3072K), 3 survivors (3072K)
 Metaspace       used 14173K, committed 14528K, reserved 1114112K
  class space    used 1684K, committed 1856K, reserved 1048576K
}
Event: 4.651 GC heap before
{Heap before GC invocations=2 (full 0):
 garbage-first heap   total 96256K, used 53693K [0x00000000a2c00000, 0x0000000100000000)
  region size 1024K, 47 young (48128K), 3 survivors (3072K)
 Metaspace       used 21118K, committed 21504K, reserved 1114112K
  class space    used 2565K, committed 2752K, reserved 1048576K
}
Event: 4.657 GC heap after
{Heap after GC invocations=3 (full 0):
 garbage-first heap   total 96256K, used 14755K [0x00000000a2c00000, 0x0000000100000000)
  region size 1024K, 7 young (7168K), 7 survivors (7168K)
 Metaspace       used 21118K, committed 21504K, reserved 1114112K
  class space    used 2565K, committed 2752K, reserved 1048576K
}
Event: 5.705 GC heap before
{Heap before GC invocations=4 (full 0):
 garbage-first heap   total 55296K, used 40355K [0x00000000a2c00000, 0x0000000100000000)
  region size 1024K, 32 young (32768K), 7 survivors (7168K)
 Metaspace       used 24816K, committed 25216K, reserved 1114112K
  class space    used 3062K, committed 3264K, reserved 1048576K
}
Event: 5.713 GC heap after
{Heap after GC invocations=5 (full 0):
 garbage-first heap   total 55296K, used 16976K [0x00000000a2c00000, 0x0000000100000000)
  region size 1024K, 3 young (3072K), 3 survivors (3072K)
 Metaspace       used 24816K, committed 25216K, reserved 1114112K
  class space    used 3062K, committed 3264K, reserved 1048576K
}
Event: 7.170 GC heap before
{Heap before GC invocations=5 (full 0):
 garbage-first heap   total 55296K, used 41552K [0x00000000a2c00000, 0x0000000100000000)
  region size 1024K, 28 young (28672K), 3 survivors (3072K)
 Metaspace       used 29728K, committed 30272K, reserved 1114112K
  class space    used 3699K, committed 3968K, reserved 1048576K
}
Event: 7.175 GC heap after
{Heap after GC invocations=6 (full 0):
 garbage-first heap   total 55296K, used 19062K [0x00000000a2c00000, 0x0000000100000000)
  region size 1024K, 4 young (4096K), 4 survivors (4096K)
 Metaspace       used 29728K, committed 30272K, reserved 1114112K
  class space    used 3699K, committed 3968K, reserved 1048576K
}
Event: 8.328 GC heap before
{Heap before GC invocations=6 (full 0):
 garbage-first heap   total 55296K, used 43638K [0x00000000a2c00000, 0x0000000100000000)
  region size 1024K, 29 young (29696K), 4 survivors (4096K)
 Metaspace       used 35260K, committed 35776K, reserved 1114112K
  class space    used 4492K, committed 4736K, reserved 1048576K
}
Event: 8.332 GC heap after
{Heap after GC invocations=7 (full 0):
 garbage-first heap   total 55296K, used 21312K [0x00000000a2c00000, 0x0000000100000000)
  region size 1024K, 2 young (2048K), 2 survivors (2048K)
 Metaspace       used 35260K, committed 35776K, reserved 1114112K
  class space    used 4492K, committed 4736K, reserved 1048576K
}
Event: 8.379 GC heap before
{Heap before GC invocations=7 (full 0):
 garbage-first heap   total 55296K, used 21312K [0x00000000a2c00000, 0x0000000100000000)
  region size 1024K, 3 young (3072K), 2 survivors (2048K)
 Metaspace       used 35458K, committed 35968K, reserved 1114112K
  class space    used 4529K, committed 4800K, reserved 1048576K
}
Event: 8.381 GC heap after
{Heap after GC invocations=8 (full 0):
 garbage-first heap   total 55296K, used 21178K [0x00000000a2c00000, 0x0000000100000000)
  region size 1024K, 2 young (2048K), 2 survivors (2048K)
 Metaspace       used 35458K, committed 35968K, reserved 1114112K
  class space    used 4529K, committed 4800K, reserved 1048576K
}

Dll operation events (13 events):
Event: 0.016 Loaded shared library C:\Program Files\Java\jdk-21\bin\java.dll
Event: 0.059 Loaded shared library C:\Program Files\Java\jdk-21\bin\jsvml.dll
Event: 0.246 Loaded shared library C:\Program Files\Java\jdk-21\bin\zip.dll
Event: 0.259 Loaded shared library C:\Program Files\Java\jdk-21\bin\instrument.dll
Event: 0.269 Loaded shared library C:\Program Files\Java\jdk-21\bin\net.dll
Event: 0.272 Loaded shared library C:\Program Files\Java\jdk-21\bin\nio.dll
Event: 0.278 Loaded shared library C:\Program Files\Java\jdk-21\bin\zip.dll
Event: 0.675 Loaded shared library C:\Program Files\Java\jdk-21\bin\extnet.dll
Event: 0.762 Loaded shared library C:\Program Files\Java\jdk-21\bin\jimage.dll
Event: 1.424 Loaded shared library C:\Program Files\Java\jdk-21\bin\management.dll
Event: 1.432 Loaded shared library C:\Program Files\Java\jdk-21\bin\management_ext.dll
Event: 3.556 Loaded shared library C:\Program Files\Java\jdk-21\bin\sunmscapi.dll
Event: 8.268 Loaded shared library C:\Program Files\Java\jdk-21\bin\verify.dll

Deoptimization events (20 events):
Event: 9.638 Thread 0x000001d686340a90 Uncommon trap: trap_request=0xffffffde fr.pc=0x000001d6b18db660 relative=0x00000000000008c0
Event: 9.638 Thread 0x000001d686340a90 Uncommon trap: reason=class_check action=maybe_recompile pc=0x000001d6b18db660 method=sun.security.provider.DigestBase.engineUpdate([BII)V @ 115 c2
Event: 9.638 Thread 0x000001d686340a90 DEOPT PACKING pc=0x000001d6b18db660 sp=0x0000008bd34fdf40
Event: 9.638 Thread 0x000001d686340a90 DEOPT UNPACKING pc=0x000001d6b13146a2 sp=0x0000008bd34fdf08 mode 2
Event: 9.638 Thread 0x000001d686340a90 Uncommon trap: trap_request=0xffffffde fr.pc=0x000001d6b18db660 relative=0x00000000000008c0
Event: 9.638 Thread 0x000001d686340a90 Uncommon trap: reason=class_check action=maybe_recompile pc=0x000001d6b18db660 method=sun.security.provider.DigestBase.engineUpdate([BII)V @ 115 c2
Event: 9.638 Thread 0x000001d686340a90 DEOPT PACKING pc=0x000001d6b18db660 sp=0x0000008bd34fe0c0
Event: 9.638 Thread 0x000001d686340a90 DEOPT UNPACKING pc=0x000001d6b13146a2 sp=0x0000008bd34fe088 mode 2
Event: 9.638 Thread 0x000001d686340a90 Uncommon trap: trap_request=0xffffffde fr.pc=0x000001d6b18db660 relative=0x00000000000008c0
Event: 9.638 Thread 0x000001d686340a90 Uncommon trap: reason=class_check action=maybe_recompile pc=0x000001d6b18db660 method=sun.security.provider.DigestBase.engineUpdate([BII)V @ 115 c2
Event: 9.638 Thread 0x000001d686340a90 DEOPT PACKING pc=0x000001d6b18db660 sp=0x0000008bd34fe0c0
Event: 9.638 Thread 0x000001d686340a90 DEOPT UNPACKING pc=0x000001d6b13146a2 sp=0x0000008bd34fe088 mode 2
Event: 9.638 Thread 0x000001d686340a90 Uncommon trap: trap_request=0xffffffde fr.pc=0x000001d6b18db660 relative=0x00000000000008c0
Event: 9.638 Thread 0x000001d686340a90 Uncommon trap: reason=class_check action=maybe_recompile pc=0x000001d6b18db660 method=sun.security.provider.DigestBase.engineUpdate([BII)V @ 115 c2
Event: 9.638 Thread 0x000001d686340a90 DEOPT PACKING pc=0x000001d6b18db660 sp=0x0000008bd34fe2b0
Event: 9.638 Thread 0x000001d686340a90 DEOPT UNPACKING pc=0x000001d6b13146a2 sp=0x0000008bd34fe278 mode 2
Event: 9.641 Thread 0x000001d686340a90 DEOPT PACKING pc=0x000001d6a9db72e3 sp=0x0000008bd34fe4e0
Event: 9.641 Thread 0x000001d686340a90 DEOPT UNPACKING pc=0x000001d6b1314e42 sp=0x0000008bd34fd9b0 mode 0
Event: 9.894 Thread 0x000001d686340a90 DEOPT PACKING pc=0x000001d6a9db72e3 sp=0x0000008bd34fe4e0
Event: 9.894 Thread 0x000001d686340a90 DEOPT UNPACKING pc=0x000001d6b1314e42 sp=0x0000008bd34fd9b0 mode 0

Classes loaded (20 events):
Event: 9.238 Loading class java/time/chrono/Era done
Event: 9.238 Loading class java/time/chrono/IsoEra done
Event: 9.238 Loading class java/time/Instant$1
Event: 9.239 Loading class java/time/Instant$1 done
Event: 9.279 Loading class java/util/TimerTask
Event: 9.279 Loading class java/util/TimerTask done
Event: 9.304 Loading class java/util/concurrent/ScheduledThreadPoolExecutor$ScheduledFutureTask
Event: 9.304 Loading class java/util/concurrent/ScheduledThreadPoolExecutor$ScheduledFutureTask done
Event: 9.305 Loading class java/util/concurrent/Executors$RunnableAdapter
Event: 9.305 Loading class java/util/concurrent/Executors$RunnableAdapter done
Event: 9.305 Loading class java/util/concurrent/ThreadPoolExecutor$Worker
Event: 9.305 Loading class java/util/concurrent/ThreadPoolExecutor$Worker done
Event: 9.308 Loading class java/util/concurrent/ThreadPoolExecutor$CallerRunsPolicy
Event: 9.308 Loading class java/util/concurrent/ThreadPoolExecutor$CallerRunsPolicy done
Event: 9.526 Loading class jdk/internal/reflect/MethodHandleIntegerFieldAccessorImpl
Event: 9.527 Loading class jdk/internal/reflect/MethodHandleIntegerFieldAccessorImpl done
Event: 9.650 Loading class jdk/internal/event/ThreadSleepEvent
Event: 9.650 Loading class jdk/internal/event/ThreadSleepEvent done
Event: 9.975 Loading class jdk/internal/ValueBased
Event: 9.975 Loading class jdk/internal/ValueBased done

Classes unloaded (0 events):
No events

Classes redefined (0 events):
No events

Internal exceptions (20 events):
Event: 6.188 Thread 0x000001d684030320 Exception <a 'java/lang/IncompatibleClassChangeError'{0x00000000a57f0298}: Found class java.lang.Object, but interface was expected> (0x00000000a57f0298) 
thrown [s\open\src\hotspot\share\interpreter\linkResolver.cpp, line 840]
Event: 6.189 Thread 0x000001d684030320 Exception <a 'java/lang/NoSuchMethodError'{0x00000000a57fe350}: 'int java.lang.invoke.DirectMethodHandle$Holder.invokeSpecialIFC(java.lang.Object, java.lang.Object, java.lang.Object)'> (0x00000000a57fe350) 
thrown [s\open\src\hotspot\share\interpreter\linkResolver.cpp, line 773]
Event: 6.192 Thread 0x000001d684030320 Exception <a 'java/lang/NoSuchMethodError'{0x00000000a5613948}: 'void java.lang.invoke.DirectMethodHandle$Holder.invokeStatic(java.lang.Object, int, java.lang.Object)'> (0x00000000a5613948) 
thrown [s\open\src\hotspot\share\interpreter\linkResolver.cpp, line 773]
Event: 6.210 Thread 0x000001d684030320 Exception <a 'java/lang/NoSuchMethodError'{0x00000000a564a538}: 'void java.lang.invoke.DirectMethodHandle$Holder.invokeStatic(java.lang.Object, java.lang.Object, java.lang.Object, int, java.lang.Object)'> (0x00000000a564a538) 
thrown [s\open\src\hotspot\share\interpreter\linkResolver.cpp, line 773]
Event: 6.211 Thread 0x000001d684030320 Exception <a 'java/lang/NoSuchMethodError'{0x00000000a5650d98}: 'java.lang.Object java.lang.invoke.DirectMethodHandle$Holder.newInvokeSpecial(java.lang.Object, java.lang.Object, java.lang.Object, int)'> (0x00000000a5650d98) 
thrown [s\open\src\hotspot\share\interpreter\linkResolver.cpp, line 773]
Event: 6.212 Thread 0x000001d684030320 Exception <a 'java/lang/NoSuchMethodError'{0x00000000a5654b98}: 'java.lang.Object java.lang.invoke.DirectMethodHandle$Holder.invokeSpecial(java.lang.Object, java.lang.Object, java.lang.Object, java.lang.Object, int)'> (0x00000000a5654b98) 
thrown [s\open\src\hotspot\share\interpreter\linkResolver.cpp, line 773]
Event: 6.213 Thread 0x000001d684030320 Exception <a 'java/lang/NoSuchMethodError'{0x00000000a5658030}: 'java.lang.Object java.lang.invoke.Invokers$Holder.linkToTargetMethod(java.lang.Object, java.lang.Object, int, java.lang.Object)'> (0x00000000a5658030) 
thrown [s\open\src\hotspot\share\interpreter\linkResolver.cpp, line 773]
Event: 6.395 Thread 0x000001d684030320 Exception <a 'java/lang/NoSuchMethodError'{0x00000000a5202ae0}: 'java.lang.Object java.lang.invoke.DirectMethodHandle$Holder.invokeStaticInit(java.lang.Object, int, int, int, int)'> (0x00000000a5202ae0) 
thrown [s\open\src\hotspot\share\interpreter\linkResolver.cpp, line 773]
Event: 6.702 Thread 0x000001d684030320 Exception <a 'java/lang/NoSuchMethodError'{0x00000000a5299eb8}: 'java.lang.Object java.lang.invoke.DirectMethodHandle$Holder.invokeStaticInit(java.lang.Object, java.lang.Object, int, int, int, int)'> (0x00000000a5299eb8) 
thrown [s\open\src\hotspot\share\interpreter\linkResolver.cpp, line 773]
Event: 7.018 Thread 0x000001d684030320 Exception <a 'java/lang/NoSuchMethodError'{0x00000000a4bb99c8}: 'int java.lang.invoke.DirectMethodHandle$Holder.invokeVirtual(java.lang.Object, java.lang.Object, java.lang.Object, java.lang.Object)'> (0x00000000a4bb99c8) 
thrown [s\open\src\hotspot\share\interpreter\linkResolver.cpp, line 773]
Event: 7.019 Thread 0x000001d684030320 Exception <a 'java/lang/NoSuchMethodError'{0x00000000a4bbd440}: 'int java.lang.invoke.DelegatingMethodHandle$Holder.reinvoke_L(java.lang.Object, java.lang.Object, java.lang.Object, java.lang.Object)'> (0x00000000a4bbd440) 
thrown [s\open\src\hotspot\share\interpreter\linkResolver.cpp, line 773]
Event: 7.147 Thread 0x000001d684030320 Exception <a 'java/io/FileNotFoundException'{0x00000000a49c3828}> (0x00000000a49c3828) 
thrown [s\open\src\hotspot\share\prims\jni.cpp, line 520]
Event: 7.216 Thread 0x000001d684030320 Exception <a 'java/lang/NoSuchMethodError'{0x00000000a6045420}: 'int java.lang.invoke.DirectMethodHandle$Holder.invokeInterface(java.lang.Object, java.lang.Object, java.lang.Object, java.lang.Object)'> (0x00000000a6045420) 
thrown [s\open\src\hotspot\share\interpreter\linkResolver.cpp, line 773]
Event: 7.425 Thread 0x000001d684030320 Exception <a 'java/lang/NoSuchMethodError'{0x00000000a5a350e8}: 'java.lang.Object java.lang.invoke.DirectMethodHandle$Holder.newInvokeSpecial(java.lang.Object, java.lang.Object, java.lang.Object, java.lang.Object, java.lang.Object, java.lang.Object, java.lang.Object, java.lang.Object, java.lang.Object, java.lang.Object, java.lang.Object)'> (0x00000000a5a350e8) 
thrown [s\open\src\hotspot\share\interpreter\linkResolver.cpp, line 773]
Event: 7.571 Thread 0x000001d684030320 Exception <a 'java/lang/NoSuchMethodError'{0x00000000a5732330}: 'void java.lang.invoke.DelegatingMethodHandle$Holder.reinvoke_L(java.lang.Object, java.lang.Object, java.lang.Object, java.lang.Object, int, java.lang.Object, java.lang.Object, java.lang.Object)'> (0x00000000a5732330) 
thrown [s\open\src\hotspot\share\interpreter\linkResolver.cpp, line 773]
Event: 8.592 Thread 0x000001d684030320 Exception <a 'java/lang/NoSuchMethodError'{0x00000000a5cdbf08}: method resolution failed> (0x00000000a5cdbf08) 
thrown [s\open\src\hotspot\share\prims\methodHandles.cpp, line 1144]
Event: 8.611 Thread 0x000001d684030320 Exception <a 'java/lang/NoSuchMethodError'{0x00000000a5b2a3b8}: 'int java.lang.invoke.DirectMethodHandle$Holder.invokeStaticInit(java.lang.Object, java.lang.Object, java.lang.Object, java.lang.Object)'> (0x00000000a5b2a3b8) 
thrown [s\open\src\hotspot\share\interpreter\linkResolver.cpp, line 773]
Event: 9.042 Thread 0x000001d684030320 Exception <a 'sun/nio/fs/WindowsException'{0x00000000a592f5b8}> (0x00000000a592f5b8) 
thrown [s\open\src\hotspot\share\prims\jni.cpp, line 520]
Event: 9.497 Thread 0x000001d684030320 Exception <a 'java/lang/NoSuchMethodError'{0x00000000a54799e8}: 'java.lang.Object java.lang.invoke.DirectMethodHandle$Holder.invokeStaticInit(java.lang.Object, java.lang.Object, java.lang.Object, java.lang.Object)'> (0x00000000a54799e8) 
thrown [s\open\src\hotspot\share\interpreter\linkResolver.cpp, line 773]
Event: 9.527 Thread 0x000001d684030320 Exception <a 'java/lang/NoSuchMethodError'{0x00000000a530df18}: 'int java.lang.invoke.Invokers$Holder.invokeExact_MT(java.lang.Object, java.lang.Object)'> (0x00000000a530df18) 
thrown [s\open\src\hotspot\share\interpreter\linkResolver.cpp, line 773]

ZGC Phase Switch (0 events):
No events

VM Operations (20 events):
Event: 7.104 Executing VM operation: HandshakeAllThreads (Deoptimize)
Event: 7.104 Executing VM operation: HandshakeAllThreads (Deoptimize) done
Event: 7.170 Executing VM operation: G1CollectForAllocation (G1 Evacuation Pause)
Event: 7.175 Executing VM operation: G1CollectForAllocation (G1 Evacuation Pause) done
Event: 7.702 Executing VM operation: HandshakeAllThreads (Deoptimize)
Event: 7.702 Executing VM operation: HandshakeAllThreads (Deoptimize) done
Event: 8.327 Executing VM operation: G1CollectForAllocation (G1 Evacuation Pause)
Event: 8.333 Executing VM operation: G1CollectForAllocation (G1 Evacuation Pause) done
Event: 8.379 Executing VM operation: CollectForMetadataAllocation (Metadata GC Threshold)
Event: 8.382 Executing VM operation: CollectForMetadataAllocation (Metadata GC Threshold) done
Event: 8.401 Executing VM operation: G1PauseRemark
Event: 8.407 Executing VM operation: G1PauseRemark done
Event: 8.412 Executing VM operation: G1PauseCleanup
Event: 8.413 Executing VM operation: G1PauseCleanup done
Event: 9.038 Executing VM operation: HandshakeAllThreads (Deoptimize)
Event: 9.038 Executing VM operation: HandshakeAllThreads (Deoptimize) done
Event: 9.046 Executing VM operation: HandshakeAllThreads (Deoptimize)
Event: 9.046 Executing VM operation: HandshakeAllThreads (Deoptimize) done
Event: 9.057 Executing VM operation: HandshakeAllThreads (Deoptimize)
Event: 9.057 Executing VM operation: HandshakeAllThreads (Deoptimize) done

Events (20 events):
Event: 8.406 Thread 0x000001d6bd7eddc0 flushing nmethod 0x000001d6a9fccc10
Event: 8.406 Thread 0x000001d6bd7eddc0 flushing nmethod 0x000001d6a9fcd210
Event: 8.406 Thread 0x000001d6bd7eddc0 flushing nmethod 0x000001d6a9fcd590
Event: 8.406 Thread 0x000001d6bd7eddc0 flushing nmethod 0x000001d6a9fce690
Event: 8.406 Thread 0x000001d6bd7eddc0 flushing nmethod 0x000001d6a9fced90
Event: 8.406 Thread 0x000001d6bd7eddc0 flushing nmethod 0x000001d6a9fcf890
Event: 8.406 Thread 0x000001d6bd7eddc0 flushing nmethod 0x000001d6a9fd0f90
Event: 8.406 Thread 0x000001d6bd7eddc0 flushing nmethod 0x000001d6aa145310
Event: 8.406 Thread 0x000001d6bd7eddc0 flushing nmethod 0x000001d6aa147690
Event: 8.406 Thread 0x000001d6bd7eddc0 flushing nmethod 0x000001d6aa213f10
Event: 8.406 Thread 0x000001d6bd7eddc0 flushing nmethod 0x000001d6aa214690
Event: 8.406 Thread 0x000001d6bd7eddc0 flushing nmethod 0x000001d6aa215110
Event: 8.406 Thread 0x000001d6bd7eddc0 flushing nmethod 0x000001d6aa216390
Event: 8.406 Thread 0x000001d6bd7eddc0 flushing nmethod 0x000001d6aa217490
Event: 8.406 Thread 0x000001d6bd7eddc0 flushing nmethod 0x000001d6aa23b890
Event: 8.406 Thread 0x000001d6bd7eddc0 flushing nmethod 0x000001d6aa2a7f90
Event: 8.406 Thread 0x000001d6bd7eddc0 flushing nmethod 0x000001d6aa370790
Event: 9.274 Thread 0x000001d68610e6d0 Thread added: 0x000001d68610e6d0
Event: 9.306 Thread 0x000001d686437320 Thread added: 0x000001d686437320
Event: 9.414 Thread 0x000001d686340a90 Thread added: 0x000001d686340a90


Dynamic libraries:
0x00007ff7d65b0000 - 0x00007ff7d65c0000 	C:\Program Files\Java\jdk-21\bin\java.exe
0x00007fff588b0000 - 0x00007fff58ac7000 	C:\Windows\SYSTEM32\ntdll.dll
0x00007fff570d0000 - 0x00007fff57194000 	C:\Windows\System32\KERNEL32.DLL
0x00007fff560c0000 - 0x00007fff5647a000 	C:\Windows\System32\KERNELBASE.dll
0x00007fff55b80000 - 0x00007fff55c91000 	C:\Windows\System32\ucrtbase.dll
0x00007fff3c8c0000 - 0x00007fff3c8d9000 	C:\Program Files\Java\jdk-21\bin\jli.dll
0x00007fff2e890000 - 0x00007fff2e8ab000 	C:\Program Files\Java\jdk-21\bin\VCRUNTIME140.dll
0x00007fff57c30000 - 0x00007fff57ce2000 	C:\Windows\System32\ADVAPI32.dll
0x00007fff58160000 - 0x00007fff58207000 	C:\Windows\System32\msvcrt.dll
0x00007fff565c0000 - 0x00007fff56667000 	C:\Windows\System32\sechost.dll
0x00007fff55ff0000 - 0x00007fff56018000 	C:\Windows\System32\bcrypt.dll
0x00007fff568d0000 - 0x00007fff569e4000 	C:\Windows\System32\RPCRT4.dll
0x00007fff56f20000 - 0x00007fff570ce000 	C:\Windows\System32\USER32.dll
0x00007fff56480000 - 0x00007fff564a6000 	C:\Windows\System32\win32u.dll
0x00007fff40db0000 - 0x00007fff41042000 	C:\Windows\WinSxS\amd64_microsoft.windows.common-controls_6595b64144ccf1df_6.0.22621.4541_none_2710d1c57384c085\COMCTL32.dll
0x00007fff56a50000 - 0x00007fff56a79000 	C:\Windows\System32\GDI32.dll
0x00007fff55ed0000 - 0x00007fff55feb000 	C:\Windows\System32\gdi32full.dll
0x00007fff56020000 - 0x00007fff560ba000 	C:\Windows\System32\msvcp_win.dll
0x00007fff4cc70000 - 0x00007fff4cc7a000 	C:\Windows\SYSTEM32\VERSION.dll
0x00007fff57d60000 - 0x00007fff57d91000 	C:\Windows\System32\IMM32.DLL
0x00007fff44f90000 - 0x00007fff44f9c000 	C:\Program Files\Java\jdk-21\bin\vcruntime140_1.dll
0x00007fff240f0000 - 0x00007fff2417e000 	C:\Program Files\Java\jdk-21\bin\msvcp140.dll
0x00007ffeb3500000 - 0x00007ffeb421a000 	C:\Program Files\Java\jdk-21\bin\server\jvm.dll
0x00007fff57b00000 - 0x00007fff57b71000 	C:\Windows\System32\WS2_32.dll
0x00007fff50e00000 - 0x00007fff50e34000 	C:\Windows\SYSTEM32\WINMM.dll
0x00007fff55450000 - 0x00007fff5549d000 	C:\Windows\SYSTEM32\POWRPROF.dll
0x00007fff55430000 - 0x00007fff55443000 	C:\Windows\SYSTEM32\UMPDC.dll
0x00007fff54ba0000 - 0x00007fff54bb8000 	C:\Windows\SYSTEM32\kernel.appcore.dll
0x00007fff3c710000 - 0x00007fff3c71a000 	C:\Program Files\Java\jdk-21\bin\jimage.dll
0x00007fff53540000 - 0x00007fff53772000 	C:\Windows\SYSTEM32\DBGHELP.DLL
0x00007fff56a80000 - 0x00007fff56e0f000 	C:\Windows\System32\combase.dll
0x00007fff58060000 - 0x00007fff58137000 	C:\Windows\System32\OLEAUT32.dll
0x00007fff38330000 - 0x00007fff38362000 	C:\Windows\SYSTEM32\dbgcore.DLL
0x00007fff56530000 - 0x00007fff565ab000 	C:\Windows\System32\bcryptPrimitives.dll
0x00007fff40040000 - 0x00007fff4004f000 	C:\Program Files\Java\jdk-21\bin\instrument.dll
0x00007fff25ba0000 - 0x00007fff25bbf000 	C:\Program Files\Java\jdk-21\bin\java.dll
0x00007fff57200000 - 0x00007fff57a78000 	C:\Windows\System32\SHELL32.dll
0x00007fff53a70000 - 0x00007fff54378000 	C:\Windows\SYSTEM32\windows.storage.dll
0x00007fff53930000 - 0x00007fff53a6f000 	C:\Windows\SYSTEM32\wintypes.dll
0x00007fff57f60000 - 0x00007fff5805a000 	C:\Windows\System32\SHCORE.dll
0x00007fff571a0000 - 0x00007fff571fe000 	C:\Windows\System32\shlwapi.dll
0x00007fff55ab0000 - 0x00007fff55adb000 	C:\Windows\SYSTEM32\profapi.dll
0x00007fff23f40000 - 0x00007fff24017000 	C:\Program Files\Java\jdk-21\bin\jsvml.dll
0x00007fff242b0000 - 0x00007fff242c8000 	C:\Program Files\Java\jdk-21\bin\zip.dll
0x00007fff3c6c0000 - 0x00007fff3c6d0000 	C:\Program Files\Java\jdk-21\bin\net.dll
0x00007fff52030000 - 0x00007fff52166000 	C:\Windows\SYSTEM32\WINHTTP.dll
0x00007fff55040000 - 0x00007fff550a9000 	C:\Windows\system32\mswsock.dll
0x00007fff25b80000 - 0x00007fff25b96000 	C:\Program Files\Java\jdk-21\bin\nio.dll
0x00007fff3c5b0000 - 0x00007fff3c5b9000 	C:\Program Files\Java\jdk-21\bin\extnet.dll
0x00007fff36f60000 - 0x00007fff36f6a000 	C:\Program Files\Java\jdk-21\bin\management.dll
0x00007fff2eb30000 - 0x00007fff2eb3b000 	C:\Program Files\Java\jdk-21\bin\management_ext.dll
0x00007fff57f50000 - 0x00007fff57f58000 	C:\Windows\System32\PSAPI.DLL
0x00007fff37c90000 - 0x00007fff37c9e000 	C:\Program Files\Java\jdk-21\bin\sunmscapi.dll
0x00007fff55d60000 - 0x00007fff55ec6000 	C:\Windows\System32\CRYPT32.dll
0x00007fff55540000 - 0x00007fff5556d000 	C:\Windows\SYSTEM32\ncrypt.dll
0x00007fff55500000 - 0x00007fff55537000 	C:\Windows\SYSTEM32\NTASN1.dll
0x00007fff552a0000 - 0x00007fff552bb000 	C:\Windows\SYSTEM32\CRYPTSP.dll
0x00007fff54b00000 - 0x00007fff54b35000 	C:\Windows\system32\rsaenh.dll
0x00007fff55130000 - 0x00007fff55158000 	C:\Windows\SYSTEM32\USERENV.dll
0x00007fff55290000 - 0x00007fff5529c000 	C:\Windows\SYSTEM32\CRYPTBASE.dll
0x00007fff545f0000 - 0x00007fff5461d000 	C:\Windows\SYSTEM32\IPHLPAPI.DLL
0x00007fff565b0000 - 0x00007fff565b9000 	C:\Windows\System32\NSI.dll
0x00007fff3c2b0000 - 0x00007fff3c2c0000 	C:\Program Files\Java\jdk-21\bin\verify.dll
0x00007fff54660000 - 0x00007fff54762000 	C:\Windows\SYSTEM32\DNSAPI.dll
0x00007fff504b0000 - 0x00007fff504ba000 	C:\Windows\System32\rasadhlp.dll
0x00007fff51070000 - 0x00007fff510f3000 	C:\Windows\System32\fwpuclnt.dll

dbghelp: loaded successfully - version: 4.0.5 - missing functions: none
symbol engine: initialized successfully - sym options: 0x614 - pdb path: .;C:\Program Files\Java\jdk-21\bin;C:\Windows\SYSTEM32;C:\Windows\WinSxS\amd64_microsoft.windows.common-controls_6595b64144ccf1df_6.0.22621.4541_none_2710d1c57384c085;C:\Program Files\Java\jdk-21\bin\server

VM Arguments:
jvm_args: -javaagent:C:\Users\Kunde\AppData\Local\JetBrains\IntelliJ IDEA Community Edition 2024.3.1\lib\idea_rt.jar=57830 -Dfile.encoding=UTF-8 -Dsun.stdout.encoding=UTF-8 -Dsun.stderr.encoding=UTF-8 
java_command: com.culture.association_backend.AssociationBackendApplication
java_class_path (initial): C:\Users\Kunde\Downloads\association-backend\target\classes;C:\Users\Kunde\.m2\repository\org\springframework\boot\spring-boot-starter-data-jpa\3.4.2\spring-boot-starter-data-jpa-3.4.2.jar;C:\Users\Kunde\.m2\repository\org\springframework\boot\spring-boot-starter\3.4.2\spring-boot-starter-3.4.2.jar;C:\Users\Kunde\.m2\repository\org\springframework\boot\spring-boot-starter-logging\3.4.2\spring-boot-starter-logging-3.4.2.jar;C:\Users\Kunde\.m2\repository\ch\qos\logback\logback-classic\1.5.16\logback-classic-1.5.16.jar;C:\Users\Kunde\.m2\repository\ch\qos\logback\logback-core\1.5.16\logback-core-1.5.16.jar;C:\Users\Kunde\.m2\repository\org\apache\logging\log4j\log4j-to-slf4j\2.24.3\log4j-to-slf4j-2.24.3.jar;C:\Users\Kunde\.m2\repository\org\apache\logging\log4j\log4j-api\2.24.3\log4j-api-2.24.3.jar;C:\Users\Kunde\.m2\repository\org\slf4j\jul-to-slf4j\2.0.16\jul-to-slf4j-2.0.16.jar;C:\Users\Kunde\.m2\repository\jakarta\annotation\jakarta.annotation-api\2.1.1\jakarta.annotation-api-2.1.1.jar;C:\Users\Kunde\.m2\repository\org\yaml\snakeyaml\2.3\snakeyaml-2.3.jar;C:\Users\Kunde\.m2\repository\org\springframework\boot\spring-boot-starter-jdbc\3.4.2\spring-boot-starter-jdbc-3.4.2.jar;C:\Users\Kunde\.m2\repository\com\zaxxer\HikariCP\5.1.0\HikariCP-5.1.0.jar;C:\Users\Kunde\.m2\repository\org\springframework\spring-jdbc\6.2.2\spring-jdbc-6.2.2.jar;C:\Users\Kunde\.m2\repository\org\springframework\data\spring-data-jpa\3.4.2\spring-data-jpa-3.4.2.jar;C:\Users\Kunde\.m2\repository\org\springframework\data\spring-data-commons\3.4.2\spring-data-commons-3.4.2.jar;C:\Users\Kunde\.m2\repository\org\springframework\spring-orm\6.2.2\spring-orm-6.2.2.jar;C:\Users\Kunde\.m2\repository\org\springframework\spring-context\6.2.2\spring-context-6.2.2.jar;C:\Users\Kunde\.m2\repository\org\springframework\spring-tx\6.2.2\spring-tx-6.2.2.jar;C:\Users\Kunde\.m2\repository\org\springframework\spring-beans\6.2.2\spring-beans-6.2.2.jar;C:\Users\Kunde\.m2\repository\org\slf4j\slf4j-api\2.0.16\slf4j-api-2.0.16.jar;C:\Users\Kunde\.m2\repository\org\springframework\spring-aspects\6.2.2\spring-aspects-6.2.2.jar;C:\Users\Kunde\.m2\repository\org\aspectj\aspectjweaver\1.9.22.1\aspectjweaver-1.9.22.1.jar;C:\Users\Kunde\.m2\repository\org\springframework\boot\spring-boot-starter-web\3.4.2\spring-boot-starter-web-3.4.2.jar;C:\Users\Kunde\.m2\repository\org\springframework\boot\spring-boot-starter-json\3.4.2\spring-boot-starter-json-3.4.2.jar;C:\Users\Kunde\.m2\repository\com\fasterxml\jackson\core\jackson-databind\2.18.2\jackson-databind-2.18.2.jar;C:\Users\Kunde\.m2\repository\com\fasterxml\jackson\core\jackson-annotations\2.18.2\jackson-annotations-2.18.2.jar;C:\Users\Kunde\.m2\repository\com\fasterxml\jackson\core\jackson-core\2.18.2\jackson-core-2.18.2.jar;C:\Users\Kunde\.m2\repository\com\fasterxml\jackson\datatype\jackson-datatype-jdk8\2.18.2\jackson-datatype-jdk8-2.18.2.jar;C:\Users\Kunde\.m2\repository\com\fasterxml\jackson\datatype\jackson-datatype-jsr310\2.18.2\jackson-datatype-jsr310-2.18.2.jar;C:\Users\Kunde\.m2\repository\com\fasterxml\jackson\module\jackson-module-parameter-names\2.18.2\jackson-module-parameter-names-2.18.2.jar;C:\Users\Kunde\.m2\repository\org\springframework\boot\spring-boot-starter-tomcat\3.4.2\spring-boot-starter-tomcat-3.4.2.jar;C:\Users\Kunde\.m2\repository\org\apache\tomcat\embed\tomcat-embed-core\10.1.34\tomcat-embed-core-10.1.34.jar;C:\Users\Kunde\.m2\repository\org\apache\tomcat\embed\tomcat-embed-el\10.1.34\tomcat-embed-el-10.1.34.jar;C:\Users\Kunde\.m2\repository\org\apache\tomcat\embed\tomcat-embed-websocket\10.1.34\tomcat-embed-websocket-10.1.34.jar;C:\Users\Kunde\.m2\repository\org\springframework\spring-web\6.2.2\spring-web-6.2.2.jar;C:\Users\Kunde\.m2\repository\io\micrometer\micrometer-observation\1.14.3\micrometer-observation-1.14.3.jar;C:\Users\Kunde\.m2\repository\io\micrometer\micrometer-commons\1.14.3\micrometer-commons-1.14.3.jar;C:\Users\Kunde\.m2\repository\org\springframework\spring-webmvc\6.2.2\spring-webmvc-6.2.2.jar;C:\Users\Kunde\.m2\repository\org\springframework\spring-expression\6.2.2\spring-expression-6.2.2.jar;C:\Users\Kunde\.m2\repository\org\springframework\boot\spring-boot-devtools\3.4.2\spring-boot-devtools-3.4.2.jar;C:\Users\Kunde\.m2\repository\org\springframework\boot\spring-boot\3.4.2\spring-boot-3.4.2.jar;C:\Users\Kunde\.m2\repository\org\springframework\boot\spring-boot-autoconfigure\3.4.2\spring-boot-autoconfigure-3.4.2.jar;C:\Users\Kunde\.m2\repository\org\postgresql\postgresql\42.7.2\postgresql-42.7.2.jar;C:\Users\Kunde\.m2\repository\org\checkerframework\checker-qual\3.42.0\checker-qual-3.42.0.jar;C:\Users\Kunde\.m2\repository\jakarta\xml\bind\jakarta.xml.bind-api\4.0.2\jakarta.xml.bind-api-4.0.2.jar;C:\Users\Kunde\.m2\repository\jakarta\activation\jakarta.activation-api\2.1.3\jakarta.activation-api-2.1.3.jar;C:\Users\Kunde\.m2\repository\org\springframework\spring-core\6.2.2\spring-core-6.2.2.jar;C:\Users\Kunde\.m2\repository\org\springframework\spring-jcl\6.2.2\spring-jcl-6.2.2.jar;C:\Users\Kunde\.m2\repository\jakarta\persistence\jakarta.persistence-api\3.1.0\jakarta.persistence-api-3.1.0.jar;C:\Users\Kunde\.m2\repository\org\hibernate\orm\hibernate-core\6.2.0.Final\hibernate-core-6.2.0.Final.jar;C:\Users\Kunde\.m2\repository\jakarta\transaction\jakarta.transaction-api\2.0.1\jakarta.transaction-api-2.0.1.jar;C:\Users\Kunde\.m2\repository\org\jboss\logging\jboss-logging\3.6.1.Final\jboss-logging-3.6.1.Final.jar;C:\Users\Kunde\.m2\repository\org\hibernate\common\hibernate-commons-annotations\6.0.6.Final\hibernate-commons-annotations-6.0.6.Final.jar;C:\Users\Kunde\.m2\repository\io\smallrye\jandex\3.0.5\jandex-3.0.5.jar;C:\Users\Kunde\.m2\repository\com\fasterxml\classmate\1.7.0\classmate-1.7.0.jar;C:\Users\Kunde\.m2\repository\net\bytebuddy\byte-buddy\1.15.11\byte-buddy-1.15.11.jar;C:\Users\Kunde\.m2\repository\org\glassfish\jaxb\jaxb-runtime\4.0.5\jaxb-runtime-4.0.5.jar;C:\Users\Kunde\.m2\repository\org\glassfish\jaxb\jaxb-core\4.0.5\jaxb-core-4.0.5.jar;C:\Users\Kunde\.m2\repository\org\eclipse\angus\angus-activation\2.0.2\angus-activation-2.0.2.jar;C:\Users\Kunde\.m2\repository\org\glassfish\jaxb\txw2\4.0.5\txw2-4.0.5.jar;C:\Users\Kunde\.m2\repository\com\sun\istack\istack-commons-runtime\4.1.2\istack-commons-runtime-4.1.2.jar;C:\Users\Kunde\.m2\repository\jakarta\inject\jakarta.inject-api\2.0.1\jakarta.inject-api-2.0.1.jar;C:\Users\Kunde\.m2\repository\org\antlr\antlr4-runtime\4.10.1\antlr4-runtime-4.10.1.jar;C:\Users\Kunde\.m2\repository\io\github\cdimascio\dotenv-java\2.2.0\dotenv-java-2.2.0.jar;C:\Users\Kunde\.m2\repository\org\springframework\boot\spring-boot-starter-security\3.4.2\spring-boot-starter-security-3.4.2.jar;C:\Users\Kunde\.m2\repository\org\springframework\spring-aop\6.2.2\spring-aop-6.2.2.jar;C:\Users\Kunde\.m2\repository\org\springframework\security\spring-security-config\6.4.2\spring-security-config-6.4.2.jar;C:\Users\Kunde\.m2\repository\org\springframework\security\spring-security-core\6.4.2\spring-security-core-6.4.2.jar;C:\Users\Kunde\.m2\repository\org\springframework\security\spring-security-crypto\6.4.2\spring-security-crypto-6.4.2.jar;C:\Users\Kunde\.m2\repository\org\springframework\security\spring-security-web\6.4.2\spring-security-web-6.4.2.jar;C:\Users\Kunde\.m2\repository\io\jsonwebtoken\jjwt\0.12.6\jjwt-0.12.6.jar;C:\Users\Kunde\.m2\repository\io\jsonwebtoken\jjwt-api\0.12.6\jjwt-api-0.12.6.jar;C:\Users\Kunde\.m2\repository\io\jsonwebtoken\jjwt-impl\0.12.6\jjwt-impl-0.12.6.jar;C:\Users\Kunde\.m2\repository\io\jsonwebtoken\jjwt-jackson\0.12.6\jjwt-jackson-0.12.6.jar
Launcher Type: SUN_STANDARD

[Global flags]
     intx CICompilerCount                          = 4                                         {product} {ergonomic}
     uint ConcGCThreads                            = 2                                         {product} {ergonomic}
     uint G1ConcRefinementThreads                  = 8                                         {product} {ergonomic}
   size_t G1HeapRegionSize                         = 1048576                                   {product} {ergonomic}
    uintx GCDrainStackTargetSize                   = 64                                        {product} {ergonomic}
   size_t InitialHeapSize                          = 98566144                                  {product} {ergonomic}
   size_t MarkStackSize                            = 4194304                                   {product} {ergonomic}
   size_t MaxHeapSize                              = 1564475392                                {product} {ergonomic}
   size_t MaxNewSize                               = 938475520                                 {product} {ergonomic}
   size_t MinHeapDeltaBytes                        = 1048576                                   {product} {ergonomic}
   size_t MinHeapSize                              = 8388608                                   {product} {ergonomic}
    uintx NonNMethodCodeHeapSize                   = 5839372                                {pd product} {ergonomic}
    uintx NonProfiledCodeHeapSize                  = 122909434                              {pd product} {ergonomic}
    uintx ProfiledCodeHeapSize                     = 122909434                              {pd product} {ergonomic}
    uintx ReservedCodeCacheSize                    = 251658240                              {pd product} {ergonomic}
     bool SegmentedCodeCache                       = true                                      {product} {ergonomic}
   size_t SoftMaxHeapSize                          = 1564475392                             {manageable} {ergonomic}
     bool UseCompressedOops                        = true                           {product lp64_product} {ergonomic}
     bool UseG1GC                                  = true                                      {product} {ergonomic}
     bool UseLargePagesIndividualAllocation        = false                                  {pd product} {ergonomic}

Logging:
Log output configuration:
 #0: stdout all=warning uptime,level,tags foldmultilines=false
 #1: stderr all=off uptime,level,tags foldmultilines=false

Environment Variables:
JAVA_HOME=C:\Program Files\Java\jdk-21
PATH=C:\Program Files\Eclipse Adoptium\jdk-21.0.6.7-hotspot\bin;C:\Users\Kunde\.jdks\openjdk-23.0.1\bin;C:\Program Files (x86)\Common Files\Oracle\Java\javapath;C:\Windows\system32;C:\Windows;C:\Windows\System32\Wbem;C:\Windows\System32\WindowsPowerShell\v1.0\;C:\Windows\System32\OpenSSH\;C:\Program Files\Git\bin;C:\Program Files\nodejs\;C:\Program Files\Docker\Docker\resources\bin;C:\Program Files\PostgreSQL\17\bin;C:\Users\Kunde\Downloads\apache-maven-3.9.9-bin\apache-maven-3.9.9\bin;C:\Program Files\Java\jdk-21\bin;C:\Program Files\Git\bin;C:\Program Files\Docker\Docker\resources\bin;C:\Users\Kunde\AppData\Local\Programs\Python\Launcher\;C:\Users\Kunde\AppData\Local\Microsoft\WindowsApps;;C:\Program Files\JetBrains\IntelliJ IDEA 2024.3.1\bin;;C:\Users\Kunde\AppData\Local\JetBrains\IntelliJ IDEA Community Edition 2024.3.1\bin;;C:\Users\Kunde\AppData\Local\Programs\Microsoft VS Code\bin;C:\Program Files\JetBrains\PyCharm Community Edition 2024.2.4\bin;;C:\Users\Kunde\AppData\Roaming\npm
USERNAME=Kunde
OS=Windows_NT
PROCESSOR_IDENTIFIER=AMD64 Family 23 Model 160 Stepping 0, AuthenticAMD
TMP=C:\Users\Kunde\AppData\Local\Temp
TEMP=C:\Users\Kunde\AppData\Local\Temp




Periodic native trim disabled

---------------  S Y S T E M  ---------------

OS:
 Windows 11 , 64 bit Build 22621 (10.0.22621.4391)
OS uptime: 9 days 2:22 hours
Hyper-V role detected

CPU: total 8 (initial active 8) (8 cores per cpu, 2 threads per core) family 23 model 160 stepping 0 microcode 0x0, cx8, cmov, fxsr, ht, mmx, 3dnowpref, sse, sse2, sse3, ssse3, sse4a, sse4.1, sse4.2, popcnt, lzcnt, tsc, tscinvbit, avx, avx2, aes, clmul, bmi1, bmi2, adx, sha, fma, vzeroupper, clflush, clflushopt, hv, rdtscp, rdpid, f16c
Processor Information for all 8 processors :
  Max Mhz: 2801, Current Mhz: 2801, Mhz Limit: 2801

Memory: 4k page, system-wide physical 5965M (182M free)
TotalPageFile size 24397M (AvailPageFile size 5M)
current process WorkingSet (physical memory assigned to process): 195M, peak: 196M
current process commit charge ("private bytes"): 234M, peak: 236M

vm_info: Java HotSpot(TM) 64-Bit Server VM (21.0.6+8-LTS-188) for windows-amd64 JRE (21.0.6+8-LTS-188), built on 2024-12-03T10:50:54Z by "mach5one" with MS VC++ 17.6 (VS2022)

END.
