#
# There is insufficient memory for the Java Runtime Environment to continue.
# Native memory allocation (malloc) failed to allocate 1263696 bytes for Chunk::new
# Possible reasons:
#   The system is out of physical RAM or swap space
#   The process is running with CompressedOops enabled, and the Java Heap may be blocking the growth of the native heap
# Possible solutions:
#   Reduce memory load on the system
#   Increase physical memory or swap space
#   Check if swap backing store is full
#   Decrease Java heap size (-Xmx/-Xms)
#   Decrease number of Java threads
#   Decrease Java thread stack sizes (-Xss)
#   Set larger code cache with -XX:ReservedCodeCacheSize=
#   JVM is running with Unscaled Compressed Oops mode in which the Java heap is
#     placed in the first 4GB address space. The Java Heap base address is the
#     maximum limit for the native heap growth. Please use -XX:HeapBaseMinAddress
#     to set the Java Heap base and to place the Java Heap above 4GB virtual address.
# This output file may be truncated or incomplete.
#
#  Out of Memory Error (arena.cpp:168), pid=6468, tid=24640
#
# JRE version: Java(TM) SE Runtime Environment (21.0.6+8) (build 21.0.6+8-LTS-188)
# Java VM: Java HotSpot(TM) 64-Bit Server VM (21.0.6+8-LTS-188, mixed mode, sharing, tiered, compressed oops, compressed class ptrs, g1 gc, windows-amd64)
# No core dump will be written. Minidumps are not enabled by default on client versions of Windows
#

---------------  S U M M A R Y ------------

Command Line: -javaagent:C:\Users\Kunde\AppData\Local\JetBrains\IntelliJ IDEA Community Edition 2024.3.1\lib\idea_rt.jar=57515 -Dfile.encoding=UTF-8 -Dsun.stdout.encoding=UTF-8 -Dsun.stderr.encoding=UTF-8 com.culture.association_backend.AssociationBackendApplication

Host: AMD Ryzen 5 7520U with Radeon Graphics         , 8 cores, 5G,  Windows 11 , 64 bit Build 22621 (10.0.22621.4391)
Time: Mon Apr 14 20:25:22 2025 Mitteleuropäische Sommerzeit elapsed time: 14.991397 seconds (0d 0h 0m 14s)

---------------  T H R E A D  ---------------

Current thread (0x00000162bef4b120):  JavaThread "C2 CompilerThread0" daemon [_thread_in_native, id=24640, stack(0x00000011e9600000,0x00000011e9700000) (1024K)]


Current CompileTask:
C2:  14991 5819       4       org.springframework.core.annotation.AnnotationsScanner::process (55 bytes)

Stack: [0x00000011e9600000,0x00000011e9700000]
Native frames: (J=compiled Java code, j=interpreted, Vv=VM code, C=native code)
V  [jvm.dll+0x6ca6d9]
V  [jvm.dll+0x854f51]
V  [jvm.dll+0x85747e]
V  [jvm.dll+0x857b53]
V  [jvm.dll+0x27dcc6]
V  [jvm.dll+0xc4c2d]
V  [jvm.dll+0xc5163]
V  [jvm.dll+0x3b5122]
V  [jvm.dll+0x381855]
V  [jvm.dll+0x380cca]
V  [jvm.dll+0x246920]
V  [jvm.dll+0x245eff]
V  [jvm.dll+0x1c6d2e]
V  [jvm.dll+0x2554f9]
V  [jvm.dll+0x253a8a]
V  [jvm.dll+0x3ee576]
V  [jvm.dll+0x7ff2fb]
V  [jvm.dll+0x6c8dbd]
C  [ucrtbase.dll+0x29333]
C  [KERNEL32.DLL+0x1259d]
C  [ntdll.dll+0x5af38]


---------------  P R O C E S S  ---------------

Threads class SMR info:
_java_thread_list=0x0000016308245b40, length=32, elements={
0x00000162bef2c7b0, 0x00000162bef2d400, 0x00000162bef308e0, 0x00000162bef31330,
0x00000162bef381a0, 0x00000162bef39c00, 0x00000162bef4b120, 0x00000162bef4bbb0,
0x00000162bef04010, 0x00000163042becb0, 0x000001630447a020, 0x0000016304215d60,
0x00000163041945c0, 0x00000163041fdf10, 0x0000016305c38fa0, 0x0000016305c38910,
0x0000016305c3a350, 0x0000016305c37bf0, 0x0000016305c3a9e0, 0x0000016305c38280,
0x0000016305c37560, 0x0000016305c39630, 0x0000016305c39cc0, 0x0000016305f9cd70,
0x0000016305f9d400, 0x0000016305f9b9c0, 0x0000016305f9b330, 0x0000016305f9c050,
0x0000016305f9a610, 0x0000016305f9aca0, 0x0000016305f9c6e0, 0x0000016305f9da90
}

Java Threads: ( => current thread )
  0x00000162bef2c7b0 JavaThread "Reference Handler"          daemon [_thread_blocked, id=12732, stack(0x00000011e9000000,0x00000011e9100000) (1024K)]
  0x00000162bef2d400 JavaThread "Finalizer"                  daemon [_thread_blocked, id=27732, stack(0x00000011e9100000,0x00000011e9200000) (1024K)]
  0x00000162bef308e0 JavaThread "Signal Dispatcher"          daemon [_thread_blocked, id=24796, stack(0x00000011e9200000,0x00000011e9300000) (1024K)]
  0x00000162bef31330 JavaThread "Attach Listener"            daemon [_thread_blocked, id=4308, stack(0x00000011e9300000,0x00000011e9400000) (1024K)]
  0x00000162bef381a0 JavaThread "Service Thread"             daemon [_thread_blocked, id=13580, stack(0x00000011e9400000,0x00000011e9500000) (1024K)]
  0x00000162bef39c00 JavaThread "Monitor Deflation Thread"   daemon [_thread_blocked, id=23936, stack(0x00000011e9500000,0x00000011e9600000) (1024K)]
=>0x00000162bef4b120 JavaThread "C2 CompilerThread0"         daemon [_thread_in_native, id=24640, stack(0x00000011e9600000,0x00000011e9700000) (1024K)]
  0x00000162bef4bbb0 JavaThread "C1 CompilerThread0"         daemon [_thread_blocked, id=25820, stack(0x00000011e9700000,0x00000011e9800000) (1024K)]
  0x00000162bef04010 JavaThread "Common-Cleaner"             daemon [_thread_blocked, id=20276, stack(0x00000011e9800000,0x00000011e9900000) (1024K)]
  0x00000163042becb0 JavaThread "Monitor Ctrl-Break"         daemon [_thread_in_native, id=18216, stack(0x00000011e9900000,0x00000011e9a00000) (1024K)]
  0x000001630447a020 JavaThread "Notification Thread"        daemon [_thread_blocked, id=10176, stack(0x00000011e9a00000,0x00000011e9b00000) (1024K)]
  0x0000016304215d60 JavaThread "PostgreSQL-JDBC-Cleaner"    daemon [_thread_blocked, id=16628, stack(0x00000011ea600000,0x00000011ea700000) (1024K)]
  0x00000163041945c0 JavaThread "HikariPool-1 housekeeper"   daemon [_thread_blocked, id=11424, stack(0x00000011ea700000,0x00000011ea800000) (1024K)]
  0x00000163041fdf10 JavaThread "HikariPool-1 connection adder" daemon [_thread_blocked, id=20840, stack(0x00000011ea800000,0x00000011ea900000) (1024K)]
  0x0000016305c38fa0 JavaThread "Catalina-utility-1"                [_thread_blocked, id=28396, stack(0x00000011ea900000,0x00000011eaa00000) (1024K)]
  0x0000016305c38910 JavaThread "Catalina-utility-2"                [_thread_blocked, id=15064, stack(0x00000011eaa00000,0x00000011eab00000) (1024K)]
  0x0000016305c3a350 JavaThread "container-0"                       [_thread_blocked, id=29028, stack(0x00000011eab00000,0x00000011eac00000) (1024K)]
  0x0000016305c37bf0 JavaThread "File Watcher"               daemon [_thread_blocked, id=5240, stack(0x00000011eac00000,0x00000011ead00000) (1024K)]
  0x0000016305c3a9e0 JavaThread "Live Reload Server"         daemon [_thread_in_native, id=29496, stack(0x00000011eae00000,0x00000011eaf00000) (1024K)]
  0x0000016305c38280 JavaThread "http-nio-8080-exec-1"       daemon [_thread_blocked, id=11488, stack(0x00000011ead00000,0x00000011eae00000) (1024K)]
  0x0000016305c37560 JavaThread "http-nio-8080-exec-2"       daemon [_thread_blocked, id=20372, stack(0x00000011eaf00000,0x00000011eb000000) (1024K)]
  0x0000016305c39630 JavaThread "http-nio-8080-exec-3"       daemon [_thread_blocked, id=25188, stack(0x00000011eb000000,0x00000011eb100000) (1024K)]
  0x0000016305c39cc0 JavaThread "http-nio-8080-exec-4"       daemon [_thread_blocked, id=15600, stack(0x00000011eb100000,0x00000011eb200000) (1024K)]
  0x0000016305f9cd70 JavaThread "http-nio-8080-exec-5"       daemon [_thread_blocked, id=2816, stack(0x00000011eb200000,0x00000011eb300000) (1024K)]
  0x0000016305f9d400 JavaThread "http-nio-8080-exec-6"       daemon [_thread_blocked, id=6412, stack(0x00000011eb300000,0x00000011eb400000) (1024K)]
  0x0000016305f9b9c0 JavaThread "http-nio-8080-exec-7"       daemon [_thread_blocked, id=3816, stack(0x00000011eb400000,0x00000011eb500000) (1024K)]
  0x0000016305f9b330 JavaThread "http-nio-8080-exec-8"       daemon [_thread_blocked, id=4788, stack(0x00000011eb500000,0x00000011eb600000) (1024K)]
  0x0000016305f9c050 JavaThread "http-nio-8080-exec-9"       daemon [_thread_blocked, id=14924, stack(0x00000011eb600000,0x00000011eb700000) (1024K)]
  0x0000016305f9a610 JavaThread "http-nio-8080-exec-10"      daemon [_thread_blocked, id=16800, stack(0x00000011eb700000,0x00000011eb800000) (1024K)]
  0x0000016305f9aca0 JavaThread "http-nio-8080-Poller"       daemon [_thread_in_native, id=16136, stack(0x00000011eb800000,0x00000011eb900000) (1024K)]
  0x0000016305f9c6e0 JavaThread "http-nio-8080-Acceptor"     daemon [_thread_in_native, id=29576, stack(0x00000011eb900000,0x00000011eba00000) (1024K)]
  0x0000016305f9da90 JavaThread "DestroyJavaVM"                     [_thread_blocked, id=14728, stack(0x00000011e8800000,0x00000011e8900000) (1024K)]
Total: 32

Other Threads:
  0x00000162bef19c40 VMThread "VM Thread"                           [id=8632, stack(0x00000011e8f00000,0x00000011e9000000) (1024K)]
  0x00000162bef03430 WatcherThread "VM Periodic Task Thread"        [id=25068, stack(0x00000011e8e00000,0x00000011e8f00000) (1024K)]
  0x00000162a307a160 WorkerThread "GC Thread#0"                     [id=27364, stack(0x00000011e8900000,0x00000011e8a00000) (1024K)]
  0x0000016305011540 WorkerThread "GC Thread#1"                     [id=15108, stack(0x00000011e9d00000,0x00000011e9e00000) (1024K)]
  0x00000163050253d0 WorkerThread "GC Thread#2"                     [id=24840, stack(0x00000011e9e00000,0x00000011e9f00000) (1024K)]
  0x0000016305025770 WorkerThread "GC Thread#3"                     [id=29284, stack(0x00000011e9f00000,0x00000011ea000000) (1024K)]
  0x0000016305025b10 WorkerThread "GC Thread#4"                     [id=30060, stack(0x00000011ea000000,0x00000011ea100000) (1024K)]
  0x0000016305025eb0 WorkerThread "GC Thread#5"                     [id=14248, stack(0x00000011ea100000,0x00000011ea200000) (1024K)]
  0x0000016305416300 WorkerThread "GC Thread#6"                     [id=21028, stack(0x00000011ea300000,0x00000011ea400000) (1024K)]
  0x00000163055fdf80 WorkerThread "GC Thread#7"                     [id=29384, stack(0x00000011ea400000,0x00000011ea500000) (1024K)]
  0x00000162a3087510 ConcurrentGCThread "G1 Main Marker"            [id=27784, stack(0x00000011e8a00000,0x00000011e8b00000) (1024K)]
  0x00000162a3088010 WorkerThread "G1 Conc#0"                       [id=6604, stack(0x00000011e8b00000,0x00000011e8c00000) (1024K)]
  0x00000163056c1ab0 WorkerThread "G1 Conc#1"                       [id=11056, stack(0x00000011ea200000,0x00000011ea300000) (1024K)]
  0x00000162a30eeab0 ConcurrentGCThread "G1 Refine#0"               [id=2496, stack(0x00000011e8c00000,0x00000011e8d00000) (1024K)]
  0x00000162bedd27c0 ConcurrentGCThread "G1 Service"                [id=13352, stack(0x00000011e8d00000,0x00000011e8e00000) (1024K)]
Total: 15

Threads with active compile tasks:
C2 CompilerThread0    15035 5819       4       org.springframework.core.annotation.AnnotationsScanner::process (55 bytes)
Total: 1

VM state: not at safepoint (normal execution)

VM Mutex/Monitor currently owned by a thread: None

Heap address: 0x00000000a2c00000, size: 1492 MB, Compressed Oops mode: 32-bit

CDS archive(s) mapped at: [0x00000162bf000000-0x00000162bfc90000-0x00000162bfc90000), size 13172736, SharedBaseAddress: 0x00000162bf000000, ArchiveRelocationMode: 1.
Compressed class space mapped at: 0x00000162c0000000-0x0000016300000000, reserved size: 1073741824
Narrow klass base: 0x00000162bf000000, Narrow klass shift: 0, Narrow klass range: 0x100000000

GC Precious Log:
 CardTable entry size: 512
 Card Set container configuration: InlinePtr #cards 5 size 8 Array Of Cards #cards 12 size 40 Howl #buckets 4 coarsen threshold 1843 Howl Bitmap #cards 512 size 80 coarsen threshold 460 Card regions per heap region 1 cards per card region 2048
 CPUs: 8 total, 8 available
 Memory: 5965M
 Large Page Support: Disabled
 NUMA Support: Disabled
 Compressed Oops: Enabled (32-bit)
 Heap Region Size: 1M
 Heap Min Capacity: 8M
 Heap Initial Capacity: 94M
 Heap Max Capacity: 1492M
 Pre-touch: Disabled
 Parallel Workers: 8
 Concurrent Workers: 2
 Concurrent Refinement Workers: 8
 Periodic GC: Disabled

Heap:
 garbage-first heap   total 55296K, used 41225K [0x00000000a2c00000, 0x0000000100000000)
  region size 1024K, 13 young (13312K), 2 survivors (2048K)
 Metaspace       used 65248K, committed 65984K, reserved 1114112K
  class space    used 8837K, committed 9152K, reserved 1048576K

Heap Regions: E=young(eden), S=young(survivor), O=old, HS=humongous(starts), HC=humongous(continues), CS=collection set, F=free, TAMS=top-at-mark-start, PB=parsable bottom
|   0|0x00000000a2c00000, 0x00000000a2d00000, 0x00000000a2d00000|100%|HS|  |TAMS 0x00000000a2c00000| PB 0x00000000a2c00000| Complete 
|   1|0x00000000a2d00000, 0x00000000a2e00000, 0x00000000a2e00000|100%|HS|  |TAMS 0x00000000a2d00000| PB 0x00000000a2d00000| Complete 
|   2|0x00000000a2e00000, 0x00000000a2f00000, 0x00000000a2f00000|100%| O|  |TAMS 0x00000000a2e00000| PB 0x00000000a2e00000| Untracked 
|   3|0x00000000a2f00000, 0x00000000a3000000, 0x00000000a3000000|100%| O|  |TAMS 0x00000000a2f00000| PB 0x00000000a2f00000| Untracked 
|   4|0x00000000a3000000, 0x00000000a3100000, 0x00000000a3100000|100%| O|  |TAMS 0x00000000a3000000| PB 0x00000000a3000000| Untracked 
|   5|0x00000000a3100000, 0x00000000a3200000, 0x00000000a3200000|100%| O|  |TAMS 0x00000000a3100000| PB 0x00000000a3100000| Untracked 
|   6|0x00000000a3200000, 0x00000000a3300000, 0x00000000a3300000|100%| O|  |TAMS 0x00000000a3200000| PB 0x00000000a3200000| Untracked 
|   7|0x00000000a3300000, 0x00000000a3400000, 0x00000000a3400000|100%| O|  |TAMS 0x00000000a3300000| PB 0x00000000a3300000| Untracked 
|   8|0x00000000a3400000, 0x00000000a3500000, 0x00000000a3500000|100%| O|  |TAMS 0x00000000a3400000| PB 0x00000000a3400000| Untracked 
|   9|0x00000000a3500000, 0x00000000a3600000, 0x00000000a3600000|100%| O|  |TAMS 0x00000000a3500000| PB 0x00000000a3500000| Untracked 
|  10|0x00000000a3600000, 0x00000000a3700000, 0x00000000a3700000|100%| O|  |TAMS 0x00000000a3600000| PB 0x00000000a3600000| Untracked 
|  11|0x00000000a3700000, 0x00000000a3800000, 0x00000000a3800000|100%| O|  |TAMS 0x00000000a3700000| PB 0x00000000a3700000| Untracked 
|  12|0x00000000a3800000, 0x00000000a3900000, 0x00000000a3900000|100%| O|  |TAMS 0x00000000a3800000| PB 0x00000000a3800000| Untracked 
|  13|0x00000000a3900000, 0x00000000a3a00000, 0x00000000a3a00000|100%| O|  |TAMS 0x00000000a3900000| PB 0x00000000a3900000| Untracked 
|  14|0x00000000a3a00000, 0x00000000a3b00000, 0x00000000a3b00000|100%| O|  |TAMS 0x00000000a3a00000| PB 0x00000000a3a00000| Untracked 
|  15|0x00000000a3b00000, 0x00000000a3b00000, 0x00000000a3c00000|  0%| F|  |TAMS 0x00000000a3b00000| PB 0x00000000a3b00000| Untracked 
|  16|0x00000000a3c00000, 0x00000000a3d00000, 0x00000000a3d00000|100%| O|  |TAMS 0x00000000a3c00000| PB 0x00000000a3c00000| Untracked 
|  17|0x00000000a3d00000, 0x00000000a3e00000, 0x00000000a3e00000|100%| O|  |TAMS 0x00000000a3d00000| PB 0x00000000a3d00000| Untracked 
|  18|0x00000000a3e00000, 0x00000000a3f00000, 0x00000000a3f00000|100%| O|  |TAMS 0x00000000a3e00000| PB 0x00000000a3e00000| Untracked 
|  19|0x00000000a3f00000, 0x00000000a4000000, 0x00000000a4000000|100%| O|  |TAMS 0x00000000a3f00000| PB 0x00000000a3f00000| Untracked 
|  20|0x00000000a4000000, 0x00000000a4100000, 0x00000000a4100000|100%| O|  |TAMS 0x00000000a4000000| PB 0x00000000a4000000| Untracked 
|  21|0x00000000a4100000, 0x00000000a4200000, 0x00000000a4200000|100%| O|  |TAMS 0x00000000a4100000| PB 0x00000000a4100000| Untracked 
|  22|0x00000000a4200000, 0x00000000a4300000, 0x00000000a4300000|100%| O|  |TAMS 0x00000000a4200000| PB 0x00000000a4200000| Untracked 
|  23|0x00000000a4300000, 0x00000000a4400000, 0x00000000a4400000|100%| O|  |TAMS 0x00000000a4300000| PB 0x00000000a4300000| Untracked 
|  24|0x00000000a4400000, 0x00000000a4500000, 0x00000000a4500000|100%| O|  |TAMS 0x00000000a4400000| PB 0x00000000a4400000| Untracked 
|  25|0x00000000a4500000, 0x00000000a4600000, 0x00000000a4600000|100%| O|  |TAMS 0x00000000a4500000| PB 0x00000000a4500000| Untracked 
|  26|0x00000000a4600000, 0x00000000a4700000, 0x00000000a4700000|100%| O|  |TAMS 0x00000000a4600000| PB 0x00000000a4600000| Untracked 
|  27|0x00000000a4700000, 0x00000000a4800000, 0x00000000a4800000|100%| O|  |TAMS 0x00000000a4700000| PB 0x00000000a4700000| Untracked 
|  28|0x00000000a4800000, 0x00000000a4900000, 0x00000000a4900000|100%| O|  |TAMS 0x00000000a4800000| PB 0x00000000a4800000| Untracked 
|  29|0x00000000a4900000, 0x00000000a4900000, 0x00000000a4a00000|  0%| F|  |TAMS 0x00000000a4900000| PB 0x00000000a4900000| Untracked 
|  30|0x00000000a4a00000, 0x00000000a4a00000, 0x00000000a4b00000|  0%| F|  |TAMS 0x00000000a4a00000| PB 0x00000000a4a00000| Untracked 
|  31|0x00000000a4b00000, 0x00000000a4b00000, 0x00000000a4c00000|  0%| F|  |TAMS 0x00000000a4b00000| PB 0x00000000a4b00000| Untracked 
|  32|0x00000000a4c00000, 0x00000000a4cd42b0, 0x00000000a4d00000| 82%| O|  |TAMS 0x00000000a4c00000| PB 0x00000000a4c00000| Untracked 
|  33|0x00000000a4d00000, 0x00000000a4d00000, 0x00000000a4e00000|  0%| F|  |TAMS 0x00000000a4d00000| PB 0x00000000a4d00000| Untracked 
|  34|0x00000000a4e00000, 0x00000000a4e00000, 0x00000000a4f00000|  0%| F|  |TAMS 0x00000000a4e00000| PB 0x00000000a4e00000| Untracked 
|  35|0x00000000a4f00000, 0x00000000a4f6e208, 0x00000000a5000000| 43%| S|CS|TAMS 0x00000000a4f00000| PB 0x00000000a4f00000| Complete 
|  36|0x00000000a5000000, 0x00000000a5100000, 0x00000000a5100000|100%| S|CS|TAMS 0x00000000a5000000| PB 0x00000000a5000000| Complete 
|  37|0x00000000a5100000, 0x00000000a5100000, 0x00000000a5200000|  0%| F|  |TAMS 0x00000000a5100000| PB 0x00000000a5100000| Untracked 
|  38|0x00000000a5200000, 0x00000000a5200000, 0x00000000a5300000|  0%| F|  |TAMS 0x00000000a5200000| PB 0x00000000a5200000| Untracked 
|  39|0x00000000a5300000, 0x00000000a5300000, 0x00000000a5400000|  0%| F|  |TAMS 0x00000000a5300000| PB 0x00000000a5300000| Untracked 
|  40|0x00000000a5400000, 0x00000000a5400000, 0x00000000a5500000|  0%| F|  |TAMS 0x00000000a5400000| PB 0x00000000a5400000| Untracked 
|  41|0x00000000a5500000, 0x00000000a5500000, 0x00000000a5600000|  0%| F|  |TAMS 0x00000000a5500000| PB 0x00000000a5500000| Untracked 
|  42|0x00000000a5600000, 0x00000000a5600000, 0x00000000a5700000|  0%| F|  |TAMS 0x00000000a5600000| PB 0x00000000a5600000| Untracked 
|  43|0x00000000a5700000, 0x00000000a571b050, 0x00000000a5800000| 10%| E|  |TAMS 0x00000000a5700000| PB 0x00000000a5700000| Complete 
|  44|0x00000000a5800000, 0x00000000a5900000, 0x00000000a5900000|100%| E|CS|TAMS 0x00000000a5800000| PB 0x00000000a5800000| Complete 
|  45|0x00000000a5900000, 0x00000000a5a00000, 0x00000000a5a00000|100%| E|CS|TAMS 0x00000000a5900000| PB 0x00000000a5900000| Complete 
|  46|0x00000000a5a00000, 0x00000000a5b00000, 0x00000000a5b00000|100%| E|CS|TAMS 0x00000000a5a00000| PB 0x00000000a5a00000| Complete 
|  47|0x00000000a5b00000, 0x00000000a5c00000, 0x00000000a5c00000|100%| E|CS|TAMS 0x00000000a5b00000| PB 0x00000000a5b00000| Complete 
|  48|0x00000000a5c00000, 0x00000000a5d00000, 0x00000000a5d00000|100%| E|CS|TAMS 0x00000000a5c00000| PB 0x00000000a5c00000| Complete 
|  49|0x00000000a5d00000, 0x00000000a5e00000, 0x00000000a5e00000|100%| E|CS|TAMS 0x00000000a5d00000| PB 0x00000000a5d00000| Complete 
|  50|0x00000000a5e00000, 0x00000000a5f00000, 0x00000000a5f00000|100%| E|CS|TAMS 0x00000000a5e00000| PB 0x00000000a5e00000| Complete 
|  51|0x00000000a5f00000, 0x00000000a6000000, 0x00000000a6000000|100%| E|CS|TAMS 0x00000000a5f00000| PB 0x00000000a5f00000| Complete 
|  52|0x00000000a6000000, 0x00000000a6100000, 0x00000000a6100000|100%| E|CS|TAMS 0x00000000a6000000| PB 0x00000000a6000000| Complete 
|  93|0x00000000a8900000, 0x00000000a8a00000, 0x00000000a8a00000|100%| E|CS|TAMS 0x00000000a8900000| PB 0x00000000a8900000| Complete 

Card table byte_map: [0x00000162baad0000,0x00000162badc0000] _byte_map_base: 0x00000162ba5ba000

Marking Bits: (CMBitMap*) 0x00000162a307a860
 Bits: [0x00000162badc0000, 0x00000162bc510000)

Polling page: 0x00000162a27f0000

Metaspace:

Usage:
  Non-class:     55.09 MB used.
      Class:      8.63 MB used.
       Both:     63.72 MB used.

Virtual space:
  Non-class space:       64.00 MB reserved,      55.50 MB ( 87%) committed,  1 nodes.
      Class space:        1.00 GB reserved,       8.94 MB ( <1%) committed,  1 nodes.
             Both:        1.06 GB reserved,      64.44 MB (  6%) committed. 

Chunk freelists:
   Non-Class:  8.27 MB
       Class:  6.92 MB
        Both:  15.19 MB

MaxMetaspaceSize: unlimited
CompressedClassSpaceSize: 1.00 GB
Initial GC threshold: 21.00 MB
Current GC threshold: 98.06 MB
CDS: on
 - commit_granule_bytes: 65536.
 - commit_granule_words: 8192.
 - virtual_space_node_default_size: 8388608.
 - enlarge_chunks_in_place: 1.
 - use_allocation_guard: 0.


Internal statistics:

num_allocs_failed_limit: 9.
num_arena_births: 962.
num_arena_deaths: 0.
num_vsnodes_births: 2.
num_vsnodes_deaths: 0.
num_space_committed: 1031.
num_space_uncommitted: 0.
num_chunks_returned_to_freelist: 9.
num_chunks_taken_from_freelist: 3378.
num_chunk_merges: 9.
num_chunk_splits: 2403.
num_chunks_enlarged: 1845.
num_inconsistent_stats: 0.

CodeHeap 'non-profiled nmethods': size=120000Kb used=3012Kb max_used=3012Kb free=116987Kb
 bounds [0x00000162b2f80000, 0x00000162b3280000, 0x00000162ba4b0000]
CodeHeap 'profiled nmethods': size=120000Kb used=10227Kb max_used=10227Kb free=109772Kb
 bounds [0x00000162ab4b0000, 0x00000162abeb0000, 0x00000162b29e0000]
CodeHeap 'non-nmethods': size=5760Kb used=1642Kb max_used=1693Kb free=4117Kb
 bounds [0x00000162b29e0000, 0x00000162b2c50000, 0x00000162b2f80000]
 total_blobs=6157 nmethods=5470 adapters=591
 compilation: enabled
              stopped_count=0, restarted_count=0
 full_count=0

Compilation events (20 events):
Event: 14.059 Thread 0x00000162bef4b120 nmethod 6091 0x00000162b325a190 code [0x00000162b325a3c0, 0x00000162b325bc38]
Event: 14.059 Thread 0x00000162bef4b120 6072       4       java.lang.Class::getMethodsRecursive (99 bytes)
Event: 14.231 Thread 0x00000162bef4b120 nmethod 6072 0x00000162b325c690 code [0x00000162b325cac0, 0x00000162b325ff30]
Event: 14.231 Thread 0x00000162bef4b120 6073   !   4       java.util.concurrent.ConcurrentHashMap::computeIfAbsent (576 bytes)
Event: 14.256 Thread 0x00000162bef4b120 nmethod 6073 0x00000162b3261990 code [0x00000162b3261be0, 0x00000162b3262ec0]
Event: 14.256 Thread 0x00000162bef4b120 5816       4       org.springframework.core.annotation.AnnotationsScanner::scan (21 bytes)
Event: 14.289 Thread 0x00000162bef4bbb0 6092       2       java.io.File::equals (28 bytes)
Event: 14.290 Thread 0x00000162bef4bbb0 nmethod 6092 0x00000162abeab510 code [0x00000162abeab6c0, 0x00000162abeab8e0]
Event: 14.290 Thread 0x00000162bef4bbb0 6094       2       java.lang.Long::hashCode (8 bytes)
Event: 14.290 Thread 0x00000162bef4bbb0 nmethod 6094 0x00000162abeaba10 code [0x00000162abeabba0, 0x00000162abeabc98]
Event: 14.290 Thread 0x00000162bef4bbb0 6093       2       java.io.File::compareTo (9 bytes)
Event: 14.290 Thread 0x00000162bef4bbb0 nmethod 6093 0x00000162abeabd10 code [0x00000162abeabec0, 0x00000162abeac018]
Event: 14.330 Thread 0x00000162bef4bbb0 6095       2       java.util.concurrent.ConcurrentHashMap$KeySetView::iterator (34 bytes)
Event: 14.330 Thread 0x00000162bef4bbb0 nmethod 6095 0x00000162abeac110 code [0x00000162abeac2c0, 0x00000162abeac490]
Event: 14.330 Thread 0x00000162bef4bbb0 6096       2       java.util.concurrent.ConcurrentHashMap$KeyIterator::<init> (12 bytes)
Event: 14.330 Thread 0x00000162bef4bbb0 nmethod 6096 0x00000162abeac590 code [0x00000162abeac740, 0x00000162abeac860]
Event: 14.702 Thread 0x00000162bef4b120 nmethod 5816 0x00000162b3263890 code [0x00000162b3264120, 0x00000162b326bcf8]
Event: 14.704 Thread 0x00000162bef4b120 5819       4       org.springframework.core.annotation.AnnotationsScanner::process (55 bytes)
Event: 14.903 Thread 0x00000162bef4bbb0 6097       2       java.io.File::isFile (34 bytes)
Event: 14.903 Thread 0x00000162bef4bbb0 nmethod 6097 0x00000162abeac910 code [0x00000162abeacac0, 0x00000162abeacc68]

GC Heap History (20 events):
Event: 7.188 GC heap before
{Heap before GC invocations=5 (full 0):
 garbage-first heap   total 55296K, used 41652K [0x00000000a2c00000, 0x0000000100000000)
  region size 1024K, 28 young (28672K), 3 survivors (3072K)
 Metaspace       used 29759K, committed 30336K, reserved 1114112K
  class space    used 3699K, committed 3968K, reserved 1048576K
}
Event: 7.192 GC heap after
{Heap after GC invocations=6 (full 0):
 garbage-first heap   total 55296K, used 19456K [0x00000000a2c00000, 0x0000000100000000)
  region size 1024K, 4 young (4096K), 4 survivors (4096K)
 Metaspace       used 29759K, committed 30336K, reserved 1114112K
  class space    used 3699K, committed 3968K, reserved 1048576K
}
Event: 8.100 GC heap before
{Heap before GC invocations=6 (full 0):
 garbage-first heap   total 55296K, used 45056K [0x00000000a2c00000, 0x0000000100000000)
  region size 1024K, 29 young (29696K), 4 survivors (4096K)
 Metaspace       used 35253K, committed 35776K, reserved 1114112K
  class space    used 4492K, committed 4736K, reserved 1048576K
}
Event: 8.105 GC heap after
{Heap after GC invocations=7 (full 0):
 garbage-first heap   total 55296K, used 21577K [0x00000000a2c00000, 0x0000000100000000)
  region size 1024K, 2 young (2048K), 2 survivors (2048K)
 Metaspace       used 35253K, committed 35776K, reserved 1114112K
  class space    used 4492K, committed 4736K, reserved 1048576K
}
Event: 8.148 GC heap before
{Heap before GC invocations=7 (full 0):
 garbage-first heap   total 55296K, used 22601K [0x00000000a2c00000, 0x0000000100000000)
  region size 1024K, 4 young (4096K), 2 survivors (2048K)
 Metaspace       used 35458K, committed 35968K, reserved 1114112K
  class space    used 4532K, committed 4800K, reserved 1048576K
}
Event: 8.151 GC heap after
{Heap after GC invocations=8 (full 0):
 garbage-first heap   total 55296K, used 21262K [0x00000000a2c00000, 0x0000000100000000)
  region size 1024K, 2 young (2048K), 2 survivors (2048K)
 Metaspace       used 35458K, committed 35968K, reserved 1114112K
  class space    used 4532K, committed 4800K, reserved 1048576K
}
Event: 9.482 GC heap before
{Heap before GC invocations=9 (full 0):
 garbage-first heap   total 55296K, used 46862K [0x00000000a2c00000, 0x0000000100000000)
  region size 1024K, 27 young (27648K), 2 survivors (2048K)
 Metaspace       used 42451K, committed 42944K, reserved 1114112K
  class space    used 5457K, committed 5696K, reserved 1048576K
}
Event: 9.485 GC heap after
{Heap after GC invocations=10 (full 0):
 garbage-first heap   total 55296K, used 22906K [0x00000000a2c00000, 0x0000000100000000)
  region size 1024K, 4 young (4096K), 4 survivors (4096K)
 Metaspace       used 42451K, committed 42944K, reserved 1114112K
  class space    used 5457K, committed 5696K, reserved 1048576K
}
Event: 10.325 GC heap before
{Heap before GC invocations=10 (full 0):
 garbage-first heap   total 55296K, used 44410K [0x00000000a2c00000, 0x0000000100000000)
  region size 1024K, 26 young (26624K), 4 survivors (4096K)
 Metaspace       used 48990K, committed 49536K, reserved 1114112K
  class space    used 6505K, committed 6720K, reserved 1048576K
}
Event: 10.329 GC heap after
{Heap after GC invocations=11 (full 0):
 garbage-first heap   total 55296K, used 23594K [0x00000000a2c00000, 0x0000000100000000)
  region size 1024K, 3 young (3072K), 3 survivors (3072K)
 Metaspace       used 48990K, committed 49536K, reserved 1114112K
  class space    used 6505K, committed 6720K, reserved 1048576K
}
Event: 11.203 GC heap before
{Heap before GC invocations=11 (full 0):
 garbage-first heap   total 55296K, used 46122K [0x00000000a2c00000, 0x0000000100000000)
  region size 1024K, 26 young (26624K), 3 survivors (3072K)
 Metaspace       used 53662K, committed 54272K, reserved 1114112K
  class space    used 7149K, committed 7424K, reserved 1048576K
}
Event: 11.208 GC heap after
{Heap after GC invocations=12 (full 0):
 garbage-first heap   total 55296K, used 25052K [0x00000000a2c00000, 0x0000000100000000)
  region size 1024K, 3 young (3072K), 3 survivors (3072K)
 Metaspace       used 53662K, committed 54272K, reserved 1114112K
  class space    used 7149K, committed 7424K, reserved 1048576K
}
Event: 12.161 GC heap before
{Heap before GC invocations=12 (full 0):
 garbage-first heap   total 55296K, used 46556K [0x00000000a2c00000, 0x0000000100000000)
  region size 1024K, 25 young (25600K), 3 survivors (3072K)
 Metaspace       used 58188K, committed 58816K, reserved 1114112K
  class space    used 7766K, committed 8064K, reserved 1048576K
}
Event: 12.165 GC heap after
{Heap after GC invocations=13 (full 0):
 garbage-first heap   total 55296K, used 27188K [0x00000000a2c00000, 0x0000000100000000)
  region size 1024K, 4 young (4096K), 4 survivors (4096K)
 Metaspace       used 58188K, committed 58816K, reserved 1114112K
  class space    used 7766K, committed 8064K, reserved 1048576K
}
Event: 12.426 GC heap before
{Heap before GC invocations=13 (full 0):
 garbage-first heap   total 55296K, used 36404K [0x00000000a2c00000, 0x0000000100000000)
  region size 1024K, 14 young (14336K), 4 survivors (4096K)
 Metaspace       used 59451K, committed 60096K, reserved 1114112K
  class space    used 7937K, committed 8256K, reserved 1048576K
}
Event: 12.430 GC heap after
{Heap after GC invocations=14 (full 0):
 garbage-first heap   total 55296K, used 27902K [0x00000000a2c00000, 0x0000000100000000)
  region size 1024K, 1 young (1024K), 1 survivors (1024K)
 Metaspace       used 59451K, committed 60096K, reserved 1114112K
  class space    used 7937K, committed 8256K, reserved 1048576K
}
Event: 13.112 GC heap before
{Heap before GC invocations=15 (full 0):
 garbage-first heap   total 55296K, used 49406K [0x00000000a2c00000, 0x0000000100000000)
  region size 1024K, 22 young (22528K), 1 survivors (1024K)
 Metaspace       used 61795K, committed 62464K, reserved 1114112K
  class space    used 8342K, committed 8640K, reserved 1048576K
}
Event: 13.115 GC heap after
{Heap after GC invocations=16 (full 0):
 garbage-first heap   total 55296K, used 30140K [0x00000000a2c00000, 0x0000000100000000)
  region size 1024K, 3 young (3072K), 3 survivors (3072K)
 Metaspace       used 61795K, committed 62464K, reserved 1114112K
  class space    used 8342K, committed 8640K, reserved 1048576K
}
Event: 13.716 GC heap before
{Heap before GC invocations=16 (full 0):
 garbage-first heap   total 55296K, used 46524K [0x00000000a2c00000, 0x0000000100000000)
  region size 1024K, 20 young (20480K), 3 survivors (3072K)
 Metaspace       used 64565K, committed 65280K, reserved 1114112K
  class space    used 8731K, committed 9024K, reserved 1048576K
}
Event: 13.722 GC heap after
{Heap after GC invocations=17 (full 0):
 garbage-first heap   total 55296K, used 30985K [0x00000000a2c00000, 0x0000000100000000)
  region size 1024K, 2 young (2048K), 2 survivors (2048K)
 Metaspace       used 64565K, committed 65280K, reserved 1114112K
  class space    used 8731K, committed 9024K, reserved 1048576K
}

Dll operation events (13 events):
Event: 0.104 Loaded shared library C:\Program Files\Java\jdk-21\bin\java.dll
Event: 0.210 Loaded shared library C:\Program Files\Java\jdk-21\bin\jsvml.dll
Event: 0.358 Loaded shared library C:\Program Files\Java\jdk-21\bin\zip.dll
Event: 0.367 Loaded shared library C:\Program Files\Java\jdk-21\bin\instrument.dll
Event: 0.382 Loaded shared library C:\Program Files\Java\jdk-21\bin\net.dll
Event: 0.404 Loaded shared library C:\Program Files\Java\jdk-21\bin\nio.dll
Event: 0.410 Loaded shared library C:\Program Files\Java\jdk-21\bin\zip.dll
Event: 0.677 Loaded shared library C:\Program Files\Java\jdk-21\bin\extnet.dll
Event: 0.741 Loaded shared library C:\Program Files\Java\jdk-21\bin\jimage.dll
Event: 1.421 Loaded shared library C:\Program Files\Java\jdk-21\bin\management.dll
Event: 1.431 Loaded shared library C:\Program Files\Java\jdk-21\bin\management_ext.dll
Event: 3.870 Loaded shared library C:\Program Files\Java\jdk-21\bin\sunmscapi.dll
Event: 8.037 Loaded shared library C:\Program Files\Java\jdk-21\bin\verify.dll

Deoptimization events (20 events):
Event: 14.053 Thread 0x0000016304efb790 DEOPT PACKING pc=0x00000162abea492c sp=0x00000011e9cfdce0
Event: 14.053 Thread 0x0000016304efb790 DEOPT UNPACKING pc=0x00000162b2a34e42 sp=0x00000011e9cfd1c0 mode 0
Event: 14.053 Thread 0x0000016304efb790 DEOPT PACKING pc=0x00000162abea492c sp=0x00000011e9cfdce0
Event: 14.053 Thread 0x0000016304efb790 DEOPT UNPACKING pc=0x00000162b2a34e42 sp=0x00000011e9cfd1c0 mode 0
Event: 14.054 Thread 0x0000016304efb790 DEOPT PACKING pc=0x00000162abea492c sp=0x00000011e9cfdce0
Event: 14.054 Thread 0x0000016304efb790 DEOPT UNPACKING pc=0x00000162b2a34e42 sp=0x00000011e9cfd1c0 mode 0
Event: 14.055 Thread 0x0000016304efb790 DEOPT PACKING pc=0x00000162abea492c sp=0x00000011e9cfdce0
Event: 14.055 Thread 0x0000016304efb790 DEOPT UNPACKING pc=0x00000162b2a34e42 sp=0x00000011e9cfd1c0 mode 0
Event: 14.055 Thread 0x0000016304efb790 DEOPT PACKING pc=0x00000162abea492c sp=0x00000011e9cfdce0
Event: 14.055 Thread 0x0000016304efb790 DEOPT UNPACKING pc=0x00000162b2a34e42 sp=0x00000011e9cfd1c0 mode 0
Event: 14.056 Thread 0x0000016304efb790 DEOPT PACKING pc=0x00000162abea492c sp=0x00000011e9cfdce0
Event: 14.056 Thread 0x0000016304efb790 DEOPT UNPACKING pc=0x00000162b2a34e42 sp=0x00000011e9cfd1c0 mode 0
Event: 14.056 Thread 0x0000016304efb790 DEOPT PACKING pc=0x00000162abea492c sp=0x00000011e9cfdce0
Event: 14.056 Thread 0x0000016304efb790 DEOPT UNPACKING pc=0x00000162b2a34e42 sp=0x00000011e9cfd1c0 mode 0
Event: 14.057 Thread 0x0000016304efb790 DEOPT PACKING pc=0x00000162abea492c sp=0x00000011e9cfdce0
Event: 14.057 Thread 0x0000016304efb790 DEOPT UNPACKING pc=0x00000162b2a34e42 sp=0x00000011e9cfd1c0 mode 0
Event: 14.058 Thread 0x0000016304efb790 DEOPT PACKING pc=0x00000162abea492c sp=0x00000011e9cfdce0
Event: 14.058 Thread 0x0000016304efb790 DEOPT UNPACKING pc=0x00000162b2a34e42 sp=0x00000011e9cfd1c0 mode 0
Event: 14.059 Thread 0x0000016304efb790 DEOPT PACKING pc=0x00000162abea492c sp=0x00000011e9cfdce0
Event: 14.059 Thread 0x0000016304efb790 DEOPT UNPACKING pc=0x00000162b2a34e42 sp=0x00000011e9cfd1c0 mode 0

Classes loaded (20 events):
Event: 14.235 Loading class java/beans/WeakIdentityMap done
Event: 14.235 Loading class java/beans/ThreadGroupContext$1 done
Event: 14.236 Loading class java/beans/WeakIdentityMap$Entry
Event: 14.236 Loading class java/beans/WeakIdentityMap$Entry done
Event: 14.236 Loading class com/sun/beans/introspect/ClassInfo
Event: 14.236 Loading class com/sun/beans/introspect/ClassInfo done
Event: 14.237 Loading class com/sun/beans/introspect/ClassInfo$1
Event: 14.237 Loading class com/sun/beans/util/Cache
Event: 14.237 Loading class com/sun/beans/util/Cache done
Event: 14.237 Loading class com/sun/beans/introspect/ClassInfo$1 done
Event: 14.238 Loading class com/sun/beans/util/Cache$Kind
Event: 14.238 Loading class com/sun/beans/util/Cache$Kind done
Event: 14.238 Loading class com/sun/beans/util/Cache$Kind$1
Event: 14.239 Loading class com/sun/beans/util/Cache$Kind$1 done
Event: 14.239 Loading class com/sun/beans/util/Cache$Kind$2
Event: 14.239 Loading class com/sun/beans/util/Cache$Kind$2 done
Event: 14.239 Loading class com/sun/beans/util/Cache$Kind$3
Event: 14.239 Loading class com/sun/beans/util/Cache$Kind$3 done
Event: 14.239 Loading class com/sun/beans/util/Cache$CacheEntry
Event: 14.239 Loading class com/sun/beans/util/Cache$CacheEntry done

Classes unloaded (0 events):
No events

Classes redefined (0 events):
No events

Internal exceptions (20 events):
Event: 11.096 Thread 0x0000016304efb790 Exception <a 'java/lang/NoSuchMethodError'{0x00000000a4e5f878}: 'java.lang.Object java.lang.invoke.DirectMethodHandle$Holder.invokeSpecial(java.lang.Object, java.lang.Object, int, java.lang.Object, int)'> (0x00000000a4e5f878) 
thrown [s\open\src\hotspot\share\interpreter\linkResolver.cpp, line 773]
Event: 11.227 Thread 0x0000016304efb790 Exception <a 'java/lang/IncompatibleClassChangeError'{0x00000000a89af9a8}: Found class java.lang.Object, but interface was expected> (0x00000000a89af9a8) 
thrown [s\open\src\hotspot\share\interpreter\linkResolver.cpp, line 840]
Event: 11.262 Thread 0x0000016304efb790 Implicit null exception at 0x00000162b31e51f7 to 0x00000162b31e5460
Event: 11.293 Thread 0x0000016304efb790 Exception <a 'java/lang/IncompatibleClassChangeError'{0x00000000a5f447e0}: Found class java.lang.Object, but interface was expected> (0x00000000a5f447e0) 
thrown [s\open\src\hotspot\share\interpreter\linkResolver.cpp, line 840]
Event: 11.563 Thread 0x0000016304efb790 Exception <a 'java/lang/IncompatibleClassChangeError'{0x00000000a59c7928}: Found class java.lang.Object, but interface was expected> (0x00000000a59c7928) 
thrown [s\open\src\hotspot\share\interpreter\linkResolver.cpp, line 840]
Event: 11.711 Thread 0x0000016304efb790 Exception <a 'java/lang/NoSuchMethodError'{0x00000000a569ae50}: 'java.lang.Object java.lang.invoke.DirectMethodHandle$Holder.newInvokeSpecial(java.lang.Object, java.lang.Object, int)'> (0x00000000a569ae50) 
thrown [s\open\src\hotspot\share\interpreter\linkResolver.cpp, line 773]
Event: 11.719 Thread 0x0000016304efb790 Exception <a 'java/lang/IncompatibleClassChangeError'{0x00000000a56bf968}: Found class java.lang.Object, but interface was expected> (0x00000000a56bf968) 
thrown [s\open\src\hotspot\share\interpreter\linkResolver.cpp, line 840]
Event: 11.720 Thread 0x0000016304efb790 Exception <a 'java/lang/IncompatibleClassChangeError'{0x00000000a56c53e0}: Found class java.lang.Object, but interface was expected> (0x00000000a56c53e0) 
thrown [s\open\src\hotspot\share\interpreter\linkResolver.cpp, line 840]
Event: 11.872 Thread 0x0000016304efb790 Exception <a 'java/lang/NoSuchMethodError'{0x00000000a53cd378}: 'void java.lang.invoke.Invokers$Holder.invokeExact_MT(java.lang.Object, java.lang.Object, java.lang.Object, java.lang.Object)'> (0x00000000a53cd378) 
thrown [s\open\src\hotspot\share\interpreter\linkResolver.cpp, line 773]
Event: 11.990 Thread 0x0000016304efb790 Exception <a 'java/lang/NoSuchMethodError'{0x00000000a51f8e08}: 'long java.lang.invoke.DirectMethodHandle$Holder.invokeVirtual(java.lang.Object, java.lang.Object)'> (0x00000000a51f8e08) 
thrown [s\open\src\hotspot\share\interpreter\linkResolver.cpp, line 773]
Event: 12.001 Thread 0x0000016304efb790 Exception <a 'java/io/FileNotFoundException'{0x00000000a5022f50}> (0x00000000a5022f50) 
thrown [s\open\src\hotspot\share\prims\jni.cpp, line 520]
Event: 12.181 Thread 0x0000016304efb790 Exception <a 'java/lang/NoSuchMethodError'{0x00000000a899c770}: 'int java.lang.invoke.DirectMethodHandle$Holder.invokeStaticInit(java.lang.Object, int, java.lang.Object, java.lang.Object, java.lang.Object, java.lang.Object)'> (0x00000000a899c770) 
thrown [s\open\src\hotspot\share\interpreter\linkResolver.cpp, line 773]
Event: 12.334 Thread 0x0000016304efb790 Exception <a 'java/lang/NoSuchMethodError'{0x00000000a5cdab78}: 'java.lang.Object java.lang.invoke.DirectMethodHandle$Holder.newInvokeSpecial(java.lang.Object, java.lang.Object, java.lang.Object, java.lang.Object, java.lang.Object, java.lang.Object, java.lang.Object, java.lang.Object)'> (0x00000000a5cdab78) 
thrown [s\open\src\hotspot\share\interpreter\linkResolver.cpp, line 773]
Event: 12.761 Thread 0x0000016304efb790 Exception <a 'java/lang/IncompatibleClassChangeError'{0x00000000a58a2348}: Found class java.lang.Object, but interface was expected> (0x00000000a58a2348) 
thrown [s\open\src\hotspot\share\interpreter\linkResolver.cpp, line 840]
Event: 12.998 Thread 0x0000016304efb790 Exception <a 'java/lang/NoSuchMethodError'{0x00000000a4f62418}: 'void java.lang.invoke.DirectMethodHandle$Holder.invokeVirtual(java.lang.Object, java.lang.Object, long)'> (0x00000000a4f62418) 
thrown [s\open\src\hotspot\share\interpreter\linkResolver.cpp, line 773]
Event: 13.131 Thread 0x0000016304efb790 Exception <a 'java/lang/IncompatibleClassChangeError'{0x00000000a894e650}: Found class java.lang.Object, but interface was expected> (0x00000000a894e650) 
thrown [s\open\src\hotspot\share\interpreter\linkResolver.cpp, line 840]
Event: 13.164 Thread 0x0000016304efb790 Exception <a 'java/lang/NoSuchMethodError'{0x00000000a605c198}: 'java.lang.Object java.lang.invoke.Invokers$Holder.invoke_MT(java.lang.Object, java.lang.Object, java.lang.Object, java.lang.Object, java.lang.Object, java.lang.Object, java.lang.Object, java.lang.Object, java.lang.Object, java.lang.Object, java.lang.Object)'> (0x00000000a605c198) 
thrown [s\open\src\hotspot\share\interpreter\linkResolver.cpp, line 773]
Event: 13.278 Thread 0x0000016304efb790 Exception <a 'java/lang/NoSuchMethodError'{0x00000000a5dbf620}: 'java.lang.Object java.lang.invoke.DirectMethodHandle$Holder.newInvokeSpecial(java.lang.Object, java.lang.Object, int, java.lang.Object, java.lang.Object)'> (0x00000000a5dbf620) 
thrown [s\open\src\hotspot\share\interpreter\linkResolver.cpp, line 773]
Event: 13.687 Thread 0x0000016304efb790 Exception <a 'java/lang/NoSuchMethodError'{0x00000000a5177220}: 'void java.lang.invoke.DirectMethodHandle$Holder.invokeSpecialIFC(java.lang.Object, java.lang.Object, int, java.lang.Object, java.lang.Object, java.lang.Object, java.lang.Object)'> (0x00000000a5177220) 
thrown [s\open\src\hotspot\share\interpreter\linkResolver.cpp, line 773]
Event: 13.737 Thread 0x0000016304efb790 Exception <a 'java/lang/IncompatibleClassChangeError'{0x00000000a893a688}: Found class java.lang.Object, but interface was expected> (0x00000000a893a688) 
thrown [s\open\src\hotspot\share\interpreter\linkResolver.cpp, line 840]

ZGC Phase Switch (0 events):
No events

VM Operations (20 events):
Event: 12.426 Executing VM operation: CollectForMetadataAllocation (Metadata GC Threshold)
Event: 12.430 Executing VM operation: CollectForMetadataAllocation (Metadata GC Threshold) done
Event: 12.452 Executing VM operation: G1PauseRemark
Event: 12.455 Executing VM operation: G1PauseRemark done
Event: 12.466 Executing VM operation: G1PauseCleanup
Event: 12.466 Executing VM operation: G1PauseCleanup done
Event: 12.603 Executing VM operation: HandshakeAllThreads (Deoptimize)
Event: 12.603 Executing VM operation: HandshakeAllThreads (Deoptimize) done
Event: 12.604 Executing VM operation: HandshakeAllThreads (Deoptimize)
Event: 12.604 Executing VM operation: HandshakeAllThreads (Deoptimize) done
Event: 13.028 Executing VM operation: HandshakeAllThreads (Deoptimize)
Event: 13.028 Executing VM operation: HandshakeAllThreads (Deoptimize) done
Event: 13.112 Executing VM operation: G1CollectForAllocation (G1 Evacuation Pause)
Event: 13.115 Executing VM operation: G1CollectForAllocation (G1 Evacuation Pause) done
Event: 13.276 Executing VM operation: HandshakeAllThreads (Deoptimize)
Event: 13.276 Executing VM operation: HandshakeAllThreads (Deoptimize) done
Event: 13.716 Executing VM operation: G1CollectForAllocation (G1 Evacuation Pause)
Event: 13.722 Executing VM operation: G1CollectForAllocation (G1 Evacuation Pause) done
Event: 14.726 Executing VM operation: Cleanup
Event: 14.726 Executing VM operation: Cleanup done

Events (20 events):
Event: 13.253 Thread 0x0000016305c37bf0 Thread added: 0x0000016305c37bf0
Event: 13.261 Thread 0x0000016305c39cc0 Thread added: 0x0000016305c39cc0
Event: 13.261 Thread 0x0000016305c39cc0 Thread exited: 0x0000016305c39cc0
Event: 13.262 Thread 0x0000016305c3a9e0 Thread added: 0x0000016305c3a9e0
Event: 13.291 Thread 0x0000016305c38280 Thread added: 0x0000016305c38280
Event: 13.292 Thread 0x0000016305c37560 Thread added: 0x0000016305c37560
Event: 13.292 Thread 0x0000016305c39630 Thread added: 0x0000016305c39630
Event: 13.292 Thread 0x0000016305c39cc0 Thread added: 0x0000016305c39cc0
Event: 13.292 Thread 0x0000016305f9cd70 Thread added: 0x0000016305f9cd70
Event: 13.293 Thread 0x0000016305f9d400 Thread added: 0x0000016305f9d400
Event: 13.293 Thread 0x0000016305f9b9c0 Thread added: 0x0000016305f9b9c0
Event: 13.293 Thread 0x0000016305f9b330 Thread added: 0x0000016305f9b330
Event: 13.293 Thread 0x0000016305f9c050 Thread added: 0x0000016305f9c050
Event: 13.293 Thread 0x0000016305f9a610 Thread added: 0x0000016305f9a610
Event: 13.313 Thread 0x0000016305f9aca0 Thread added: 0x0000016305f9aca0
Event: 13.316 Thread 0x0000016305f9c6e0 Thread added: 0x0000016305f9c6e0
Event: 14.234 Thread 0x0000016304efb790 Thread exited: 0x0000016304efb790
Event: 14.241 Thread 0x0000016304fe2130 Thread exited: 0x0000016304fe2130
Event: 14.242 Thread 0x00000162a0e2c4b0 Thread exited: 0x00000162a0e2c4b0
Event: 14.242 Thread 0x0000016305f9da90 Thread added: 0x0000016305f9da90


Dynamic libraries:
0x00007ff7d65b0000 - 0x00007ff7d65c0000 	C:\Program Files\Java\jdk-21\bin\java.exe
0x00007fff588b0000 - 0x00007fff58ac7000 	C:\Windows\SYSTEM32\ntdll.dll
0x00007fff570d0000 - 0x00007fff57194000 	C:\Windows\System32\KERNEL32.DLL
0x00007fff560c0000 - 0x00007fff5647a000 	C:\Windows\System32\KERNELBASE.dll
0x00007fff55b80000 - 0x00007fff55c91000 	C:\Windows\System32\ucrtbase.dll
0x00007fff3c8c0000 - 0x00007fff3c8d9000 	C:\Program Files\Java\jdk-21\bin\jli.dll
0x00007fff2e890000 - 0x00007fff2e8ab000 	C:\Program Files\Java\jdk-21\bin\VCRUNTIME140.dll
0x00007fff57c30000 - 0x00007fff57ce2000 	C:\Windows\System32\ADVAPI32.dll
0x00007fff58160000 - 0x00007fff58207000 	C:\Windows\System32\msvcrt.dll
0x00007fff565c0000 - 0x00007fff56667000 	C:\Windows\System32\sechost.dll
0x00007fff55ff0000 - 0x00007fff56018000 	C:\Windows\System32\bcrypt.dll
0x00007fff568d0000 - 0x00007fff569e4000 	C:\Windows\System32\RPCRT4.dll
0x00007fff56f20000 - 0x00007fff570ce000 	C:\Windows\System32\USER32.dll
0x00007fff56480000 - 0x00007fff564a6000 	C:\Windows\System32\win32u.dll
0x00007fff56a50000 - 0x00007fff56a79000 	C:\Windows\System32\GDI32.dll
0x00007fff40db0000 - 0x00007fff41042000 	C:\Windows\WinSxS\amd64_microsoft.windows.common-controls_6595b64144ccf1df_6.0.22621.4541_none_2710d1c57384c085\COMCTL32.dll
0x00007fff55ed0000 - 0x00007fff55feb000 	C:\Windows\System32\gdi32full.dll
0x00007fff56020000 - 0x00007fff560ba000 	C:\Windows\System32\msvcp_win.dll
0x00007fff4cc70000 - 0x00007fff4cc7a000 	C:\Windows\SYSTEM32\VERSION.dll
0x00007fff57d60000 - 0x00007fff57d91000 	C:\Windows\System32\IMM32.DLL
0x00007fff44f90000 - 0x00007fff44f9c000 	C:\Program Files\Java\jdk-21\bin\vcruntime140_1.dll
0x00007fff240f0000 - 0x00007fff2417e000 	C:\Program Files\Java\jdk-21\bin\msvcp140.dll
0x00007ffeb3500000 - 0x00007ffeb421a000 	C:\Program Files\Java\jdk-21\bin\server\jvm.dll
0x00007fff57b00000 - 0x00007fff57b71000 	C:\Windows\System32\WS2_32.dll
0x00007fff55450000 - 0x00007fff5549d000 	C:\Windows\SYSTEM32\POWRPROF.dll
0x00007fff50e00000 - 0x00007fff50e34000 	C:\Windows\SYSTEM32\WINMM.dll
0x00007fff55430000 - 0x00007fff55443000 	C:\Windows\SYSTEM32\UMPDC.dll
0x00007fff54ba0000 - 0x00007fff54bb8000 	C:\Windows\SYSTEM32\kernel.appcore.dll
0x00007fff3c710000 - 0x00007fff3c71a000 	C:\Program Files\Java\jdk-21\bin\jimage.dll
0x00007fff53540000 - 0x00007fff53772000 	C:\Windows\SYSTEM32\DBGHELP.DLL
0x00007fff56a80000 - 0x00007fff56e0f000 	C:\Windows\System32\combase.dll
0x00007fff58060000 - 0x00007fff58137000 	C:\Windows\System32\OLEAUT32.dll
0x00007fff38330000 - 0x00007fff38362000 	C:\Windows\SYSTEM32\dbgcore.DLL
0x00007fff56530000 - 0x00007fff565ab000 	C:\Windows\System32\bcryptPrimitives.dll
0x00007fff3e8e0000 - 0x00007fff3e8ef000 	C:\Program Files\Java\jdk-21\bin\instrument.dll
0x00007fff25ba0000 - 0x00007fff25bbf000 	C:\Program Files\Java\jdk-21\bin\java.dll
0x00007fff57200000 - 0x00007fff57a78000 	C:\Windows\System32\SHELL32.dll
0x00007fff53a70000 - 0x00007fff54378000 	C:\Windows\SYSTEM32\windows.storage.dll
0x00007fff53930000 - 0x00007fff53a6f000 	C:\Windows\SYSTEM32\wintypes.dll
0x00007fff57f60000 - 0x00007fff5805a000 	C:\Windows\System32\SHCORE.dll
0x00007fff571a0000 - 0x00007fff571fe000 	C:\Windows\System32\shlwapi.dll
0x00007fff55ab0000 - 0x00007fff55adb000 	C:\Windows\SYSTEM32\profapi.dll
0x00007fff23f40000 - 0x00007fff24017000 	C:\Program Files\Java\jdk-21\bin\jsvml.dll
0x00007fff242b0000 - 0x00007fff242c8000 	C:\Program Files\Java\jdk-21\bin\zip.dll
0x00007fff3c6c0000 - 0x00007fff3c6d0000 	C:\Program Files\Java\jdk-21\bin\net.dll
0x00007fff52030000 - 0x00007fff52166000 	C:\Windows\SYSTEM32\WINHTTP.dll
0x00007fff55040000 - 0x00007fff550a9000 	C:\Windows\system32\mswsock.dll
0x00007fff25b80000 - 0x00007fff25b96000 	C:\Program Files\Java\jdk-21\bin\nio.dll
0x00007fff3c5b0000 - 0x00007fff3c5b9000 	C:\Program Files\Java\jdk-21\bin\extnet.dll
0x00007fff36f60000 - 0x00007fff36f6a000 	C:\Program Files\Java\jdk-21\bin\management.dll
0x00007fff2eb30000 - 0x00007fff2eb3b000 	C:\Program Files\Java\jdk-21\bin\management_ext.dll
0x00007fff57f50000 - 0x00007fff57f58000 	C:\Windows\System32\PSAPI.DLL
0x00007fff37c90000 - 0x00007fff37c9e000 	C:\Program Files\Java\jdk-21\bin\sunmscapi.dll
0x00007fff55d60000 - 0x00007fff55ec6000 	C:\Windows\System32\CRYPT32.dll
0x00007fff55540000 - 0x00007fff5556d000 	C:\Windows\SYSTEM32\ncrypt.dll
0x00007fff55500000 - 0x00007fff55537000 	C:\Windows\SYSTEM32\NTASN1.dll
0x00007fff552a0000 - 0x00007fff552bb000 	C:\Windows\SYSTEM32\CRYPTSP.dll
0x00007fff54b00000 - 0x00007fff54b35000 	C:\Windows\system32\rsaenh.dll
0x00007fff55130000 - 0x00007fff55158000 	C:\Windows\SYSTEM32\USERENV.dll
0x00007fff55290000 - 0x00007fff5529c000 	C:\Windows\SYSTEM32\CRYPTBASE.dll
0x00007fff545f0000 - 0x00007fff5461d000 	C:\Windows\SYSTEM32\IPHLPAPI.DLL
0x00007fff565b0000 - 0x00007fff565b9000 	C:\Windows\System32\NSI.dll
0x00007fff3c2b0000 - 0x00007fff3c2c0000 	C:\Program Files\Java\jdk-21\bin\verify.dll
0x00007fff54660000 - 0x00007fff54762000 	C:\Windows\SYSTEM32\DNSAPI.dll
0x00007fff504b0000 - 0x00007fff504ba000 	C:\Windows\System32\rasadhlp.dll
0x00007fff51070000 - 0x00007fff510f3000 	C:\Windows\System32\fwpuclnt.dll
0x00007fff1dab0000 - 0x00007fff1dab8000 	C:\Windows\system32\wshunix.dll

dbghelp: loaded successfully - version: 4.0.5 - missing functions: none
symbol engine: initialized successfully - sym options: 0x614 - pdb path: .;C:\Program Files\Java\jdk-21\bin;C:\Windows\SYSTEM32;C:\Windows\WinSxS\amd64_microsoft.windows.common-controls_6595b64144ccf1df_6.0.22621.4541_none_2710d1c57384c085;C:\Program Files\Java\jdk-21\bin\server

VM Arguments:
jvm_args: -javaagent:C:\Users\Kunde\AppData\Local\JetBrains\IntelliJ IDEA Community Edition 2024.3.1\lib\idea_rt.jar=57515 -Dfile.encoding=UTF-8 -Dsun.stdout.encoding=UTF-8 -Dsun.stderr.encoding=UTF-8 
java_command: com.culture.association_backend.AssociationBackendApplication
java_class_path (initial): C:\Users\Kunde\Downloads\association-backend\target\classes;C:\Users\Kunde\.m2\repository\org\springframework\boot\spring-boot-starter-data-jpa\3.4.2\spring-boot-starter-data-jpa-3.4.2.jar;C:\Users\Kunde\.m2\repository\org\springframework\boot\spring-boot-starter\3.4.2\spring-boot-starter-3.4.2.jar;C:\Users\Kunde\.m2\repository\org\springframework\boot\spring-boot-starter-logging\3.4.2\spring-boot-starter-logging-3.4.2.jar;C:\Users\Kunde\.m2\repository\ch\qos\logback\logback-classic\1.5.16\logback-classic-1.5.16.jar;C:\Users\Kunde\.m2\repository\ch\qos\logback\logback-core\1.5.16\logback-core-1.5.16.jar;C:\Users\Kunde\.m2\repository\org\apache\logging\log4j\log4j-to-slf4j\2.24.3\log4j-to-slf4j-2.24.3.jar;C:\Users\Kunde\.m2\repository\org\apache\logging\log4j\log4j-api\2.24.3\log4j-api-2.24.3.jar;C:\Users\Kunde\.m2\repository\org\slf4j\jul-to-slf4j\2.0.16\jul-to-slf4j-2.0.16.jar;C:\Users\Kunde\.m2\repository\jakarta\annotation\jakarta.annotation-api\2.1.1\jakarta.annotation-api-2.1.1.jar;C:\Users\Kunde\.m2\repository\org\yaml\snakeyaml\2.3\snakeyaml-2.3.jar;C:\Users\Kunde\.m2\repository\org\springframework\boot\spring-boot-starter-jdbc\3.4.2\spring-boot-starter-jdbc-3.4.2.jar;C:\Users\Kunde\.m2\repository\com\zaxxer\HikariCP\5.1.0\HikariCP-5.1.0.jar;C:\Users\Kunde\.m2\repository\org\springframework\spring-jdbc\6.2.2\spring-jdbc-6.2.2.jar;C:\Users\Kunde\.m2\repository\org\springframework\data\spring-data-jpa\3.4.2\spring-data-jpa-3.4.2.jar;C:\Users\Kunde\.m2\repository\org\springframework\data\spring-data-commons\3.4.2\spring-data-commons-3.4.2.jar;C:\Users\Kunde\.m2\repository\org\springframework\spring-orm\6.2.2\spring-orm-6.2.2.jar;C:\Users\Kunde\.m2\repository\org\springframework\spring-context\6.2.2\spring-context-6.2.2.jar;C:\Users\Kunde\.m2\repository\org\springframework\spring-tx\6.2.2\spring-tx-6.2.2.jar;C:\Users\Kunde\.m2\repository\org\springframework\spring-beans\6.2.2\spring-beans-6.2.2.jar;C:\Users\Kunde\.m2\repository\org\slf4j\slf4j-api\2.0.16\slf4j-api-2.0.16.jar;C:\Users\Kunde\.m2\repository\org\springframework\spring-aspects\6.2.2\spring-aspects-6.2.2.jar;C:\Users\Kunde\.m2\repository\org\aspectj\aspectjweaver\1.9.22.1\aspectjweaver-1.9.22.1.jar;C:\Users\Kunde\.m2\repository\org\springframework\boot\spring-boot-starter-web\3.4.2\spring-boot-starter-web-3.4.2.jar;C:\Users\Kunde\.m2\repository\org\springframework\boot\spring-boot-starter-json\3.4.2\spring-boot-starter-json-3.4.2.jar;C:\Users\Kunde\.m2\repository\com\fasterxml\jackson\core\jackson-databind\2.18.2\jackson-databind-2.18.2.jar;C:\Users\Kunde\.m2\repository\com\fasterxml\jackson\core\jackson-annotations\2.18.2\jackson-annotations-2.18.2.jar;C:\Users\Kunde\.m2\repository\com\fasterxml\jackson\core\jackson-core\2.18.2\jackson-core-2.18.2.jar;C:\Users\Kunde\.m2\repository\com\fasterxml\jackson\datatype\jackson-datatype-jdk8\2.18.2\jackson-datatype-jdk8-2.18.2.jar;C:\Users\Kunde\.m2\repository\com\fasterxml\jackson\datatype\jackson-datatype-jsr310\2.18.2\jackson-datatype-jsr310-2.18.2.jar;C:\Users\Kunde\.m2\repository\com\fasterxml\jackson\module\jackson-module-parameter-names\2.18.2\jackson-module-parameter-names-2.18.2.jar;C:\Users\Kunde\.m2\repository\org\springframework\boot\spring-boot-starter-tomcat\3.4.2\spring-boot-starter-tomcat-3.4.2.jar;C:\Users\Kunde\.m2\repository\org\apache\tomcat\embed\tomcat-embed-core\10.1.34\tomcat-embed-core-10.1.34.jar;C:\Users\Kunde\.m2\repository\org\apache\tomcat\embed\tomcat-embed-el\10.1.34\tomcat-embed-el-10.1.34.jar;C:\Users\Kunde\.m2\repository\org\apache\tomcat\embed\tomcat-embed-websocket\10.1.34\tomcat-embed-websocket-10.1.34.jar;C:\Users\Kunde\.m2\repository\org\springframework\spring-web\6.2.2\spring-web-6.2.2.jar;C:\Users\Kunde\.m2\repository\io\micrometer\micrometer-observation\1.14.3\micrometer-observation-1.14.3.jar;C:\Users\Kunde\.m2\repository\io\micrometer\micrometer-commons\1.14.3\micrometer-commons-1.14.3.jar;C:\Users\Kunde\.m2\repository\org\springframework\spring-webmvc\6.2.2\spring-webmvc-6.2.2.jar;C:\Users\Kunde\.m2\repository\org\springframework\spring-expression\6.2.2\spring-expression-6.2.2.jar;C:\Users\Kunde\.m2\repository\org\springframework\boot\spring-boot-devtools\3.4.2\spring-boot-devtools-3.4.2.jar;C:\Users\Kunde\.m2\repository\org\springframework\boot\spring-boot\3.4.2\spring-boot-3.4.2.jar;C:\Users\Kunde\.m2\repository\org\springframework\boot\spring-boot-autoconfigure\3.4.2\spring-boot-autoconfigure-3.4.2.jar;C:\Users\Kunde\.m2\repository\org\postgresql\postgresql\42.7.2\postgresql-42.7.2.jar;C:\Users\Kunde\.m2\repository\org\checkerframework\checker-qual\3.42.0\checker-qual-3.42.0.jar;C:\Users\Kunde\.m2\repository\jakarta\xml\bind\jakarta.xml.bind-api\4.0.2\jakarta.xml.bind-api-4.0.2.jar;C:\Users\Kunde\.m2\repository\jakarta\activation\jakarta.activation-api\2.1.3\jakarta.activation-api-2.1.3.jar;C:\Users\Kunde\.m2\repository\org\springframework\spring-core\6.2.2\spring-core-6.2.2.jar;C:\Users\Kunde\.m2\repository\org\springframework\spring-jcl\6.2.2\spring-jcl-6.2.2.jar;C:\Users\Kunde\.m2\repository\jakarta\persistence\jakarta.persistence-api\3.1.0\jakarta.persistence-api-3.1.0.jar;C:\Users\Kunde\.m2\repository\org\hibernate\orm\hibernate-core\6.2.0.Final\hibernate-core-6.2.0.Final.jar;C:\Users\Kunde\.m2\repository\jakarta\transaction\jakarta.transaction-api\2.0.1\jakarta.transaction-api-2.0.1.jar;C:\Users\Kunde\.m2\repository\org\jboss\logging\jboss-logging\3.6.1.Final\jboss-logging-3.6.1.Final.jar;C:\Users\Kunde\.m2\repository\org\hibernate\common\hibernate-commons-annotations\6.0.6.Final\hibernate-commons-annotations-6.0.6.Final.jar;C:\Users\Kunde\.m2\repository\io\smallrye\jandex\3.0.5\jandex-3.0.5.jar;C:\Users\Kunde\.m2\repository\com\fasterxml\classmate\1.7.0\classmate-1.7.0.jar;C:\Users\Kunde\.m2\repository\net\bytebuddy\byte-buddy\1.15.11\byte-buddy-1.15.11.jar;C:\Users\Kunde\.m2\repository\org\glassfish\jaxb\jaxb-runtime\4.0.5\jaxb-runtime-4.0.5.jar;C:\Users\Kunde\.m2\repository\org\glassfish\jaxb\jaxb-core\4.0.5\jaxb-core-4.0.5.jar;C:\Users\Kunde\.m2\repository\org\eclipse\angus\angus-activation\2.0.2\angus-activation-2.0.2.jar;C:\Users\Kunde\.m2\repository\org\glassfish\jaxb\txw2\4.0.5\txw2-4.0.5.jar;C:\Users\Kunde\.m2\repository\com\sun\istack\istack-commons-runtime\4.1.2\istack-commons-runtime-4.1.2.jar;C:\Users\Kunde\.m2\repository\jakarta\inject\jakarta.inject-api\2.0.1\jakarta.inject-api-2.0.1.jar;C:\Users\Kunde\.m2\repository\org\antlr\antlr4-runtime\4.10.1\antlr4-runtime-4.10.1.jar;C:\Users\Kunde\.m2\repository\io\github\cdimascio\dotenv-java\2.2.0\dotenv-java-2.2.0.jar;C:\Users\Kunde\.m2\repository\org\springframework\boot\spring-boot-starter-security\3.4.2\spring-boot-starter-security-3.4.2.jar;C:\Users\Kunde\.m2\repository\org\springframework\spring-aop\6.2.2\spring-aop-6.2.2.jar;C:\Users\Kunde\.m2\repository\org\springframework\security\spring-security-config\6.4.2\spring-security-config-6.4.2.jar;C:\Users\Kunde\.m2\repository\org\springframework\security\spring-security-core\6.4.2\spring-security-core-6.4.2.jar;C:\Users\Kunde\.m2\repository\org\springframework\security\spring-security-crypto\6.4.2\spring-security-crypto-6.4.2.jar;C:\Users\Kunde\.m2\repository\org\springframework\security\spring-security-web\6.4.2\spring-security-web-6.4.2.jar;C:\Users\Kunde\.m2\repository\io\jsonwebtoken\jjwt\0.12.6\jjwt-0.12.6.jar;C:\Users\Kunde\.m2\repository\io\jsonwebtoken\jjwt-api\0.12.6\jjwt-api-0.12.6.jar;C:\Users\Kunde\.m2\repository\io\jsonwebtoken\jjwt-impl\0.12.6\jjwt-impl-0.12.6.jar;C:\Users\Kunde\.m2\repository\io\jsonwebtoken\jjwt-jackson\0.12.6\jjwt-jackson-0.12.6.jar
Launcher Type: SUN_STANDARD

[Global flags]
     intx CICompilerCount                          = 4                                         {product} {ergonomic}
     uint ConcGCThreads                            = 2                                         {product} {ergonomic}
     uint G1ConcRefinementThreads                  = 8                                         {product} {ergonomic}
   size_t G1HeapRegionSize                         = 1048576                                   {product} {ergonomic}
    uintx GCDrainStackTargetSize                   = 64                                        {product} {ergonomic}
   size_t InitialHeapSize                          = 98566144                                  {product} {ergonomic}
   size_t MarkStackSize                            = 4194304                                   {product} {ergonomic}
   size_t MaxHeapSize                              = 1564475392                                {product} {ergonomic}
   size_t MaxNewSize                               = 938475520                                 {product} {ergonomic}
   size_t MinHeapDeltaBytes                        = 1048576                                   {product} {ergonomic}
   size_t MinHeapSize                              = 8388608                                   {product} {ergonomic}
    uintx NonNMethodCodeHeapSize                   = 5839372                                {pd product} {ergonomic}
    uintx NonProfiledCodeHeapSize                  = 122909434                              {pd product} {ergonomic}
    uintx ProfiledCodeHeapSize                     = 122909434                              {pd product} {ergonomic}
    uintx ReservedCodeCacheSize                    = 251658240                              {pd product} {ergonomic}
     bool SegmentedCodeCache                       = true                                      {product} {ergonomic}
   size_t SoftMaxHeapSize                          = 1564475392                             {manageable} {ergonomic}
     bool UseCompressedOops                        = true                           {product lp64_product} {ergonomic}
     bool UseG1GC                                  = true                                      {product} {ergonomic}
     bool UseLargePagesIndividualAllocation        = false                                  {pd product} {ergonomic}

Logging:
Log output configuration:
 #0: stdout all=warning uptime,level,tags foldmultilines=false
 #1: stderr all=off uptime,level,tags foldmultilines=false

Environment Variables:
JAVA_HOME=C:\Program Files\Java\jdk-21
PATH=C:\Program Files\Eclipse Adoptium\jdk-21.0.6.7-hotspot\bin;C:\Users\Kunde\.jdks\openjdk-23.0.1\bin;C:\Program Files (x86)\Common Files\Oracle\Java\javapath;C:\Windows\system32;C:\Windows;C:\Windows\System32\Wbem;C:\Windows\System32\WindowsPowerShell\v1.0\;C:\Windows\System32\OpenSSH\;C:\Program Files\Git\bin;C:\Program Files\nodejs\;C:\Program Files\Docker\Docker\resources\bin;C:\Program Files\PostgreSQL\17\bin;C:\Users\Kunde\Downloads\apache-maven-3.9.9-bin\apache-maven-3.9.9\bin;C:\Program Files\Java\jdk-21\bin;C:\Program Files\Git\bin;C:\Program Files\Docker\Docker\resources\bin;C:\Users\Kunde\AppData\Local\Programs\Python\Launcher\;C:\Users\Kunde\AppData\Local\Microsoft\WindowsApps;;C:\Program Files\JetBrains\IntelliJ IDEA 2024.3.1\bin;;C:\Users\Kunde\AppData\Local\JetBrains\IntelliJ IDEA Community Edition 2024.3.1\bin;;C:\Users\Kunde\AppData\Local\Programs\Microsoft VS Code\bin;C:\Program Files\JetBrains\PyCharm Community Edition 2024.2.4\bin;;C:\Users\Kunde\AppData\Roaming\npm
USERNAME=Kunde
OS=Windows_NT
PROCESSOR_IDENTIFIER=AMD64 Family 23 Model 160 Stepping 0, AuthenticAMD
TMP=C:\Users\Kunde\AppData\Local\Temp
TEMP=C:\Users\Kunde\AppData\Local\Temp




Periodic native trim disabled

---------------  S Y S T E M  ---------------

OS:
 Windows 11 , 64 bit Build 22621 (10.0.22621.4391)
OS uptime: 9 days 2:06 hours
Hyper-V role detected

CPU: total 8 (initial active 8) (8 cores per cpu, 2 threads per core) family 23 model 160 stepping 0 microcode 0x0, cx8, cmov, fxsr, ht, mmx, 3dnowpref, sse, sse2, sse3, ssse3, sse4a, sse4.1, sse4.2, popcnt, lzcnt, tsc, tscinvbit, avx, avx2, aes, clmul, bmi1, bmi2, adx, sha, fma, vzeroupper, clflush, clflushopt, hv, rdtscp, rdpid, f16c
Processor Information for all 8 processors :
  Max Mhz: 2801, Current Mhz: 2801, Mhz Limit: 2801

Memory: 4k page, system-wide physical 5965M (321M free)
TotalPageFile size 24397M (AvailPageFile size 28M)
current process WorkingSet (physical memory assigned to process): 253M, peak: 257M
current process commit charge ("private bytes"): 290M, peak: 295M

vm_info: Java HotSpot(TM) 64-Bit Server VM (21.0.6+8-LTS-188) for windows-amd64 JRE (21.0.6+8-LTS-188), built on 2024-12-03T10:50:54Z by "mach5one" with MS VC++ 17.6 (VS2022)

END.
